[2024-02-07T07:01:57.351+0000] {processor.py:161} INFO - Started process (PID=91) to work on /home/airflow/.local/lib/python3.8/site-packages/airflow/example_dags/example_dynamic_task_mapping.py
[2024-02-07T07:01:57.355+0000] {processor.py:830} INFO - Processing file /home/airflow/.local/lib/python3.8/site-packages/airflow/example_dags/example_dynamic_task_mapping.py for tasks to queue
[2024-02-07T07:01:57.360+0000] {logging_mixin.py:188} INFO - [2024-02-07T07:01:57.359+0000] {dagbag.py:538} INFO - Filling up the DagBag from /home/airflow/.local/lib/python3.8/site-packages/airflow/example_dags/example_dynamic_task_mapping.py
[2024-02-07T07:01:57.379+0000] {processor.py:840} INFO - DAG(s) 'example_dynamic_task_mapping' retrieved from /home/airflow/.local/lib/python3.8/site-packages/airflow/example_dags/example_dynamic_task_mapping.py
[2024-02-07T07:01:57.675+0000] {logging_mixin.py:188} INFO - [2024-02-07T07:01:57.674+0000] {override.py:1769} INFO - Created Permission View: can delete on DAG:example_dynamic_task_mapping
[2024-02-07T07:01:57.700+0000] {logging_mixin.py:188} INFO - [2024-02-07T07:01:57.699+0000] {override.py:1769} INFO - Created Permission View: can read on DAG:example_dynamic_task_mapping
[2024-02-07T07:01:57.721+0000] {logging_mixin.py:188} INFO - [2024-02-07T07:01:57.721+0000] {override.py:1769} INFO - Created Permission View: can edit on DAG:example_dynamic_task_mapping
[2024-02-07T07:01:57.723+0000] {logging_mixin.py:188} INFO - [2024-02-07T07:01:57.723+0000] {dag.py:3036} INFO - Sync 1 DAGs
[2024-02-07T07:01:57.755+0000] {logging_mixin.py:188} INFO - [2024-02-07T07:01:57.755+0000] {dag.py:3058} INFO - Creating ORM DAG for example_dynamic_task_mapping
[2024-02-07T07:01:57.777+0000] {logging_mixin.py:188} INFO - [2024-02-07T07:01:57.776+0000] {dag.py:3823} INFO - Setting next_dagrun for example_dynamic_task_mapping to 2022-03-04 00:00:00+00:00, run_after=2022-03-05 00:00:00+00:00
[2024-02-07T07:01:57.818+0000] {processor.py:183} INFO - Processing /home/airflow/.local/lib/python3.8/site-packages/airflow/example_dags/example_dynamic_task_mapping.py took 0.474 seconds
[2024-02-07T07:02:28.452+0000] {processor.py:161} INFO - Started process (PID=146) to work on /home/airflow/.local/lib/python3.8/site-packages/airflow/example_dags/example_dynamic_task_mapping.py
[2024-02-07T07:02:28.454+0000] {processor.py:830} INFO - Processing file /home/airflow/.local/lib/python3.8/site-packages/airflow/example_dags/example_dynamic_task_mapping.py for tasks to queue
[2024-02-07T07:02:28.461+0000] {logging_mixin.py:188} INFO - [2024-02-07T07:02:28.460+0000] {dagbag.py:538} INFO - Filling up the DagBag from /home/airflow/.local/lib/python3.8/site-packages/airflow/example_dags/example_dynamic_task_mapping.py
[2024-02-07T07:02:28.480+0000] {processor.py:840} INFO - DAG(s) 'example_dynamic_task_mapping' retrieved from /home/airflow/.local/lib/python3.8/site-packages/airflow/example_dags/example_dynamic_task_mapping.py
[2024-02-07T07:02:28.526+0000] {logging_mixin.py:188} INFO - [2024-02-07T07:02:28.526+0000] {dag.py:3036} INFO - Sync 1 DAGs
[2024-02-07T07:02:28.583+0000] {logging_mixin.py:188} INFO - [2024-02-07T07:02:28.583+0000] {dag.py:3823} INFO - Setting next_dagrun for example_dynamic_task_mapping to 2022-03-04 00:00:00+00:00, run_after=2022-03-05 00:00:00+00:00
[2024-02-07T07:02:28.640+0000] {processor.py:183} INFO - Processing /home/airflow/.local/lib/python3.8/site-packages/airflow/example_dags/example_dynamic_task_mapping.py took 0.195 seconds
[2024-02-07T07:02:59.796+0000] {processor.py:161} INFO - Started process (PID=201) to work on /home/airflow/.local/lib/python3.8/site-packages/airflow/example_dags/example_dynamic_task_mapping.py
[2024-02-07T07:02:59.804+0000] {processor.py:830} INFO - Processing file /home/airflow/.local/lib/python3.8/site-packages/airflow/example_dags/example_dynamic_task_mapping.py for tasks to queue
[2024-02-07T07:02:59.824+0000] {logging_mixin.py:188} INFO - [2024-02-07T07:02:59.823+0000] {dagbag.py:538} INFO - Filling up the DagBag from /home/airflow/.local/lib/python3.8/site-packages/airflow/example_dags/example_dynamic_task_mapping.py
[2024-02-07T07:02:59.863+0000] {processor.py:840} INFO - DAG(s) 'example_dynamic_task_mapping' retrieved from /home/airflow/.local/lib/python3.8/site-packages/airflow/example_dags/example_dynamic_task_mapping.py
[2024-02-07T07:02:59.993+0000] {logging_mixin.py:188} INFO - [2024-02-07T07:02:59.992+0000] {dag.py:3036} INFO - Sync 1 DAGs
[2024-02-07T07:03:00.122+0000] {logging_mixin.py:188} INFO - [2024-02-07T07:03:00.121+0000] {dag.py:3823} INFO - Setting next_dagrun for example_dynamic_task_mapping to 2022-03-04 00:00:00+00:00, run_after=2022-03-05 00:00:00+00:00
[2024-02-07T07:03:00.179+0000] {processor.py:183} INFO - Processing /home/airflow/.local/lib/python3.8/site-packages/airflow/example_dags/example_dynamic_task_mapping.py took 0.390 seconds
[2024-02-07T07:03:33.421+0000] {processor.py:161} INFO - Started process (PID=257) to work on /home/airflow/.local/lib/python3.8/site-packages/airflow/example_dags/example_dynamic_task_mapping.py
[2024-02-07T07:03:33.424+0000] {processor.py:830} INFO - Processing file /home/airflow/.local/lib/python3.8/site-packages/airflow/example_dags/example_dynamic_task_mapping.py for tasks to queue
[2024-02-07T07:03:33.432+0000] {logging_mixin.py:188} INFO - [2024-02-07T07:03:33.430+0000] {dagbag.py:538} INFO - Filling up the DagBag from /home/airflow/.local/lib/python3.8/site-packages/airflow/example_dags/example_dynamic_task_mapping.py
[2024-02-07T07:03:33.455+0000] {processor.py:840} INFO - DAG(s) 'example_dynamic_task_mapping' retrieved from /home/airflow/.local/lib/python3.8/site-packages/airflow/example_dags/example_dynamic_task_mapping.py
[2024-02-07T07:03:33.509+0000] {logging_mixin.py:188} INFO - [2024-02-07T07:03:33.508+0000] {dag.py:3036} INFO - Sync 1 DAGs
[2024-02-07T07:03:33.587+0000] {logging_mixin.py:188} INFO - [2024-02-07T07:03:33.587+0000] {dag.py:3823} INFO - Setting next_dagrun for example_dynamic_task_mapping to 2022-03-04 00:00:00+00:00, run_after=2022-03-05 00:00:00+00:00
[2024-02-07T07:03:33.647+0000] {processor.py:183} INFO - Processing /home/airflow/.local/lib/python3.8/site-packages/airflow/example_dags/example_dynamic_task_mapping.py took 0.233 seconds
