[2024-02-07T07:01:50.939+0000] {processor.py:161} INFO - Started process (PID=68) to work on /home/airflow/.local/lib/python3.8/site-packages/airflow/example_dags/example_skip_dag.py
[2024-02-07T07:01:50.943+0000] {processor.py:830} INFO - Processing file /home/airflow/.local/lib/python3.8/site-packages/airflow/example_dags/example_skip_dag.py for tasks to queue
[2024-02-07T07:01:50.946+0000] {logging_mixin.py:188} INFO - [2024-02-07T07:01:50.946+0000] {dagbag.py:538} INFO - Filling up the DagBag from /home/airflow/.local/lib/python3.8/site-packages/airflow/example_dags/example_skip_dag.py
[2024-02-07T07:01:50.986+0000] {processor.py:840} INFO - DAG(s) 'example_skip_dag' retrieved from /home/airflow/.local/lib/python3.8/site-packages/airflow/example_dags/example_skip_dag.py
[2024-02-07T07:01:51.291+0000] {logging_mixin.py:188} INFO - [2024-02-07T07:01:51.289+0000] {override.py:1769} INFO - Created Permission View: can delete on DAG:example_skip_dag
[2024-02-07T07:01:51.325+0000] {logging_mixin.py:188} INFO - [2024-02-07T07:01:51.324+0000] {override.py:1769} INFO - Created Permission View: can read on DAG:example_skip_dag
[2024-02-07T07:01:51.351+0000] {logging_mixin.py:188} INFO - [2024-02-07T07:01:51.350+0000] {override.py:1769} INFO - Created Permission View: can edit on DAG:example_skip_dag
[2024-02-07T07:01:51.352+0000] {logging_mixin.py:188} INFO - [2024-02-07T07:01:51.352+0000] {dag.py:3036} INFO - Sync 1 DAGs
[2024-02-07T07:01:51.380+0000] {logging_mixin.py:188} INFO - [2024-02-07T07:01:51.379+0000] {dag.py:3058} INFO - Creating ORM DAG for example_skip_dag
[2024-02-07T07:01:51.405+0000] {logging_mixin.py:188} INFO - [2024-02-07T07:01:51.405+0000] {dag.py:3823} INFO - Setting next_dagrun for example_skip_dag to 2024-02-06 00:00:00+00:00, run_after=2024-02-07 00:00:00+00:00
[2024-02-07T07:01:51.456+0000] {processor.py:183} INFO - Processing /home/airflow/.local/lib/python3.8/site-packages/airflow/example_dags/example_skip_dag.py took 0.530 seconds
[2024-02-07T07:02:21.698+0000] {processor.py:161} INFO - Started process (PID=123) to work on /home/airflow/.local/lib/python3.8/site-packages/airflow/example_dags/example_skip_dag.py
[2024-02-07T07:02:21.705+0000] {processor.py:830} INFO - Processing file /home/airflow/.local/lib/python3.8/site-packages/airflow/example_dags/example_skip_dag.py for tasks to queue
[2024-02-07T07:02:21.722+0000] {logging_mixin.py:188} INFO - [2024-02-07T07:02:21.721+0000] {dagbag.py:538} INFO - Filling up the DagBag from /home/airflow/.local/lib/python3.8/site-packages/airflow/example_dags/example_skip_dag.py
[2024-02-07T07:02:21.740+0000] {processor.py:840} INFO - DAG(s) 'example_skip_dag' retrieved from /home/airflow/.local/lib/python3.8/site-packages/airflow/example_dags/example_skip_dag.py
[2024-02-07T07:02:21.799+0000] {logging_mixin.py:188} INFO - [2024-02-07T07:02:21.798+0000] {dag.py:3036} INFO - Sync 1 DAGs
[2024-02-07T07:02:21.849+0000] {logging_mixin.py:188} INFO - [2024-02-07T07:02:21.848+0000] {dag.py:3823} INFO - Setting next_dagrun for example_skip_dag to 2024-02-06 00:00:00+00:00, run_after=2024-02-07 00:00:00+00:00
[2024-02-07T07:02:21.916+0000] {processor.py:183} INFO - Processing /home/airflow/.local/lib/python3.8/site-packages/airflow/example_dags/example_skip_dag.py took 0.246 seconds
[2024-02-07T07:02:52.613+0000] {processor.py:161} INFO - Started process (PID=178) to work on /home/airflow/.local/lib/python3.8/site-packages/airflow/example_dags/example_skip_dag.py
[2024-02-07T07:02:52.623+0000] {processor.py:830} INFO - Processing file /home/airflow/.local/lib/python3.8/site-packages/airflow/example_dags/example_skip_dag.py for tasks to queue
[2024-02-07T07:02:52.628+0000] {logging_mixin.py:188} INFO - [2024-02-07T07:02:52.627+0000] {dagbag.py:538} INFO - Filling up the DagBag from /home/airflow/.local/lib/python3.8/site-packages/airflow/example_dags/example_skip_dag.py
[2024-02-07T07:02:52.648+0000] {processor.py:840} INFO - DAG(s) 'example_skip_dag' retrieved from /home/airflow/.local/lib/python3.8/site-packages/airflow/example_dags/example_skip_dag.py
[2024-02-07T07:02:52.701+0000] {logging_mixin.py:188} INFO - [2024-02-07T07:02:52.701+0000] {dag.py:3036} INFO - Sync 1 DAGs
[2024-02-07T07:02:52.763+0000] {logging_mixin.py:188} INFO - [2024-02-07T07:02:52.762+0000] {dag.py:3823} INFO - Setting next_dagrun for example_skip_dag to 2024-02-06 00:00:00+00:00, run_after=2024-02-07 00:00:00+00:00
[2024-02-07T07:02:52.817+0000] {processor.py:183} INFO - Processing /home/airflow/.local/lib/python3.8/site-packages/airflow/example_dags/example_skip_dag.py took 0.213 seconds
[2024-02-07T07:03:25.920+0000] {processor.py:161} INFO - Started process (PID=234) to work on /home/airflow/.local/lib/python3.8/site-packages/airflow/example_dags/example_skip_dag.py
[2024-02-07T07:03:25.936+0000] {processor.py:830} INFO - Processing file /home/airflow/.local/lib/python3.8/site-packages/airflow/example_dags/example_skip_dag.py for tasks to queue
[2024-02-07T07:03:25.952+0000] {logging_mixin.py:188} INFO - [2024-02-07T07:03:25.950+0000] {dagbag.py:538} INFO - Filling up the DagBag from /home/airflow/.local/lib/python3.8/site-packages/airflow/example_dags/example_skip_dag.py
[2024-02-07T07:03:25.993+0000] {processor.py:840} INFO - DAG(s) 'example_skip_dag' retrieved from /home/airflow/.local/lib/python3.8/site-packages/airflow/example_dags/example_skip_dag.py
[2024-02-07T07:03:26.125+0000] {logging_mixin.py:188} INFO - [2024-02-07T07:03:26.124+0000] {dag.py:3036} INFO - Sync 1 DAGs
[2024-02-07T07:03:26.350+0000] {logging_mixin.py:188} INFO - [2024-02-07T07:03:26.350+0000] {dag.py:3823} INFO - Setting next_dagrun for example_skip_dag to 2024-02-06 00:00:00+00:00, run_after=2024-02-07 00:00:00+00:00
[2024-02-07T07:03:26.455+0000] {processor.py:183} INFO - Processing /home/airflow/.local/lib/python3.8/site-packages/airflow/example_dags/example_skip_dag.py took 0.549 seconds
