[2024-02-07T07:01:56.759+0000] {processor.py:161} INFO - Started process (PID=89) to work on /home/airflow/.local/lib/python3.8/site-packages/airflow/example_dags/example_local_kubernetes_executor.py
[2024-02-07T07:01:56.762+0000] {processor.py:830} INFO - Processing file /home/airflow/.local/lib/python3.8/site-packages/airflow/example_dags/example_local_kubernetes_executor.py for tasks to queue
[2024-02-07T07:01:56.769+0000] {logging_mixin.py:188} INFO - [2024-02-07T07:01:56.768+0000] {dagbag.py:538} INFO - Filling up the DagBag from /home/airflow/.local/lib/python3.8/site-packages/airflow/example_dags/example_local_kubernetes_executor.py
[2024-02-07T07:01:56.795+0000] {processor.py:840} INFO - DAG(s) 'example_local_kubernetes_executor' retrieved from /home/airflow/.local/lib/python3.8/site-packages/airflow/example_dags/example_local_kubernetes_executor.py
[2024-02-07T07:01:57.171+0000] {logging_mixin.py:188} INFO - [2024-02-07T07:01:57.169+0000] {override.py:1769} INFO - Created Permission View: can delete on DAG:example_local_kubernetes_executor
[2024-02-07T07:01:57.198+0000] {logging_mixin.py:188} INFO - [2024-02-07T07:01:57.197+0000] {override.py:1769} INFO - Created Permission View: can read on DAG:example_local_kubernetes_executor
[2024-02-07T07:01:57.218+0000] {logging_mixin.py:188} INFO - [2024-02-07T07:01:57.217+0000] {override.py:1769} INFO - Created Permission View: can edit on DAG:example_local_kubernetes_executor
[2024-02-07T07:01:57.219+0000] {logging_mixin.py:188} INFO - [2024-02-07T07:01:57.219+0000] {dag.py:3036} INFO - Sync 1 DAGs
[2024-02-07T07:01:57.253+0000] {logging_mixin.py:188} INFO - [2024-02-07T07:01:57.252+0000] {dag.py:3058} INFO - Creating ORM DAG for example_local_kubernetes_executor
[2024-02-07T07:01:57.255+0000] {logging_mixin.py:188} INFO - [2024-02-07T07:01:57.254+0000] {dag.py:3823} INFO - Setting next_dagrun for example_local_kubernetes_executor to None, run_after=None
[2024-02-07T07:01:57.296+0000] {processor.py:183} INFO - Processing /home/airflow/.local/lib/python3.8/site-packages/airflow/example_dags/example_local_kubernetes_executor.py took 0.544 seconds
[2024-02-07T07:02:28.075+0000] {processor.py:161} INFO - Started process (PID=144) to work on /home/airflow/.local/lib/python3.8/site-packages/airflow/example_dags/example_local_kubernetes_executor.py
[2024-02-07T07:02:28.078+0000] {processor.py:830} INFO - Processing file /home/airflow/.local/lib/python3.8/site-packages/airflow/example_dags/example_local_kubernetes_executor.py for tasks to queue
[2024-02-07T07:02:28.083+0000] {logging_mixin.py:188} INFO - [2024-02-07T07:02:28.082+0000] {dagbag.py:538} INFO - Filling up the DagBag from /home/airflow/.local/lib/python3.8/site-packages/airflow/example_dags/example_local_kubernetes_executor.py
[2024-02-07T07:02:28.122+0000] {processor.py:840} INFO - DAG(s) 'example_local_kubernetes_executor' retrieved from /home/airflow/.local/lib/python3.8/site-packages/airflow/example_dags/example_local_kubernetes_executor.py
[2024-02-07T07:02:28.260+0000] {logging_mixin.py:188} INFO - [2024-02-07T07:02:28.259+0000] {dag.py:3036} INFO - Sync 1 DAGs
[2024-02-07T07:02:28.310+0000] {logging_mixin.py:188} INFO - [2024-02-07T07:02:28.309+0000] {dag.py:3823} INFO - Setting next_dagrun for example_local_kubernetes_executor to None, run_after=None
[2024-02-07T07:02:28.384+0000] {processor.py:183} INFO - Processing /home/airflow/.local/lib/python3.8/site-packages/airflow/example_dags/example_local_kubernetes_executor.py took 0.332 seconds
[2024-02-07T07:02:59.245+0000] {processor.py:161} INFO - Started process (PID=199) to work on /home/airflow/.local/lib/python3.8/site-packages/airflow/example_dags/example_local_kubernetes_executor.py
[2024-02-07T07:02:59.247+0000] {processor.py:830} INFO - Processing file /home/airflow/.local/lib/python3.8/site-packages/airflow/example_dags/example_local_kubernetes_executor.py for tasks to queue
[2024-02-07T07:02:59.258+0000] {logging_mixin.py:188} INFO - [2024-02-07T07:02:59.257+0000] {dagbag.py:538} INFO - Filling up the DagBag from /home/airflow/.local/lib/python3.8/site-packages/airflow/example_dags/example_local_kubernetes_executor.py
[2024-02-07T07:02:59.284+0000] {processor.py:840} INFO - DAG(s) 'example_local_kubernetes_executor' retrieved from /home/airflow/.local/lib/python3.8/site-packages/airflow/example_dags/example_local_kubernetes_executor.py
[2024-02-07T07:02:59.449+0000] {logging_mixin.py:188} INFO - [2024-02-07T07:02:59.449+0000] {dag.py:3036} INFO - Sync 1 DAGs
[2024-02-07T07:02:59.510+0000] {logging_mixin.py:188} INFO - [2024-02-07T07:02:59.509+0000] {dag.py:3823} INFO - Setting next_dagrun for example_local_kubernetes_executor to None, run_after=None
[2024-02-07T07:02:59.627+0000] {processor.py:183} INFO - Processing /home/airflow/.local/lib/python3.8/site-packages/airflow/example_dags/example_local_kubernetes_executor.py took 0.389 seconds
[2024-02-07T07:03:33.124+0000] {processor.py:161} INFO - Started process (PID=255) to work on /home/airflow/.local/lib/python3.8/site-packages/airflow/example_dags/example_local_kubernetes_executor.py
[2024-02-07T07:03:33.128+0000] {processor.py:830} INFO - Processing file /home/airflow/.local/lib/python3.8/site-packages/airflow/example_dags/example_local_kubernetes_executor.py for tasks to queue
[2024-02-07T07:03:33.135+0000] {logging_mixin.py:188} INFO - [2024-02-07T07:03:33.134+0000] {dagbag.py:538} INFO - Filling up the DagBag from /home/airflow/.local/lib/python3.8/site-packages/airflow/example_dags/example_local_kubernetes_executor.py
[2024-02-07T07:03:33.167+0000] {processor.py:840} INFO - DAG(s) 'example_local_kubernetes_executor' retrieved from /home/airflow/.local/lib/python3.8/site-packages/airflow/example_dags/example_local_kubernetes_executor.py
[2024-02-07T07:03:33.271+0000] {logging_mixin.py:188} INFO - [2024-02-07T07:03:33.270+0000] {dag.py:3036} INFO - Sync 1 DAGs
[2024-02-07T07:03:33.306+0000] {logging_mixin.py:188} INFO - [2024-02-07T07:03:33.306+0000] {dag.py:3823} INFO - Setting next_dagrun for example_local_kubernetes_executor to None, run_after=None
[2024-02-07T07:03:33.366+0000] {processor.py:183} INFO - Processing /home/airflow/.local/lib/python3.8/site-packages/airflow/example_dags/example_local_kubernetes_executor.py took 0.251 seconds
