[2024-02-07T07:01:56.549+0000] {processor.py:161} INFO - Started process (PID=88) to work on /home/airflow/.local/lib/python3.8/site-packages/airflow/example_dags/example_branch_python_dop_operator_3.py
[2024-02-07T07:01:56.551+0000] {processor.py:830} INFO - Processing file /home/airflow/.local/lib/python3.8/site-packages/airflow/example_dags/example_branch_python_dop_operator_3.py for tasks to queue
[2024-02-07T07:01:56.555+0000] {logging_mixin.py:188} INFO - [2024-02-07T07:01:56.554+0000] {dagbag.py:538} INFO - Filling up the DagBag from /home/airflow/.local/lib/python3.8/site-packages/airflow/example_dags/example_branch_python_dop_operator_3.py
[2024-02-07T07:01:56.581+0000] {processor.py:840} INFO - DAG(s) 'example_branch_dop_operator_v3' retrieved from /home/airflow/.local/lib/python3.8/site-packages/airflow/example_dags/example_branch_python_dop_operator_3.py
[2024-02-07T07:01:56.869+0000] {logging_mixin.py:188} INFO - [2024-02-07T07:01:56.867+0000] {override.py:1769} INFO - Created Permission View: can delete on DAG:example_branch_dop_operator_v3
[2024-02-07T07:01:56.900+0000] {logging_mixin.py:188} INFO - [2024-02-07T07:01:56.899+0000] {override.py:1769} INFO - Created Permission View: can read on DAG:example_branch_dop_operator_v3
[2024-02-07T07:01:56.927+0000] {logging_mixin.py:188} INFO - [2024-02-07T07:01:56.926+0000] {override.py:1769} INFO - Created Permission View: can edit on DAG:example_branch_dop_operator_v3
[2024-02-07T07:01:56.929+0000] {logging_mixin.py:188} INFO - [2024-02-07T07:01:56.929+0000] {dag.py:3036} INFO - Sync 1 DAGs
[2024-02-07T07:01:56.977+0000] {logging_mixin.py:188} INFO - [2024-02-07T07:01:56.977+0000] {dag.py:3058} INFO - Creating ORM DAG for example_branch_dop_operator_v3
[2024-02-07T07:01:57.023+0000] {logging_mixin.py:188} INFO - [2024-02-07T07:01:57.022+0000] {dag.py:3823} INFO - Setting next_dagrun for example_branch_dop_operator_v3 to 2024-02-07 07:00:00+00:00, run_after=2024-02-07 07:01:00+00:00
[2024-02-07T07:01:57.077+0000] {processor.py:183} INFO - Processing /home/airflow/.local/lib/python3.8/site-packages/airflow/example_dags/example_branch_python_dop_operator_3.py took 0.535 seconds
[2024-02-07T07:02:27.695+0000] {processor.py:161} INFO - Started process (PID=143) to work on /home/airflow/.local/lib/python3.8/site-packages/airflow/example_dags/example_branch_python_dop_operator_3.py
[2024-02-07T07:02:27.698+0000] {processor.py:830} INFO - Processing file /home/airflow/.local/lib/python3.8/site-packages/airflow/example_dags/example_branch_python_dop_operator_3.py for tasks to queue
[2024-02-07T07:02:27.701+0000] {logging_mixin.py:188} INFO - [2024-02-07T07:02:27.701+0000] {dagbag.py:538} INFO - Filling up the DagBag from /home/airflow/.local/lib/python3.8/site-packages/airflow/example_dags/example_branch_python_dop_operator_3.py
[2024-02-07T07:02:27.731+0000] {processor.py:840} INFO - DAG(s) 'example_branch_dop_operator_v3' retrieved from /home/airflow/.local/lib/python3.8/site-packages/airflow/example_dags/example_branch_python_dop_operator_3.py
[2024-02-07T07:02:27.834+0000] {logging_mixin.py:188} INFO - [2024-02-07T07:02:27.833+0000] {dag.py:3036} INFO - Sync 1 DAGs
[2024-02-07T07:02:27.920+0000] {logging_mixin.py:188} INFO - [2024-02-07T07:02:27.919+0000] {dag.py:3823} INFO - Setting next_dagrun for example_branch_dop_operator_v3 to 2024-02-07 07:01:00+00:00, run_after=2024-02-07 07:02:00+00:00
[2024-02-07T07:02:27.972+0000] {processor.py:183} INFO - Processing /home/airflow/.local/lib/python3.8/site-packages/airflow/example_dags/example_branch_python_dop_operator_3.py took 0.286 seconds
[2024-02-07T07:02:58.088+0000] {processor.py:161} INFO - Started process (PID=198) to work on /home/airflow/.local/lib/python3.8/site-packages/airflow/example_dags/example_branch_python_dop_operator_3.py
[2024-02-07T07:02:58.090+0000] {processor.py:830} INFO - Processing file /home/airflow/.local/lib/python3.8/site-packages/airflow/example_dags/example_branch_python_dop_operator_3.py for tasks to queue
[2024-02-07T07:02:58.093+0000] {logging_mixin.py:188} INFO - [2024-02-07T07:02:58.093+0000] {dagbag.py:538} INFO - Filling up the DagBag from /home/airflow/.local/lib/python3.8/site-packages/airflow/example_dags/example_branch_python_dop_operator_3.py
[2024-02-07T07:02:58.113+0000] {processor.py:840} INFO - DAG(s) 'example_branch_dop_operator_v3' retrieved from /home/airflow/.local/lib/python3.8/site-packages/airflow/example_dags/example_branch_python_dop_operator_3.py
[2024-02-07T07:02:58.149+0000] {logging_mixin.py:188} INFO - [2024-02-07T07:02:58.148+0000] {dag.py:3036} INFO - Sync 1 DAGs
[2024-02-07T07:02:58.212+0000] {logging_mixin.py:188} INFO - [2024-02-07T07:02:58.212+0000] {dag.py:3823} INFO - Setting next_dagrun for example_branch_dop_operator_v3 to 2024-02-07 07:01:00+00:00, run_after=2024-02-07 07:02:00+00:00
[2024-02-07T07:02:58.257+0000] {processor.py:183} INFO - Processing /home/airflow/.local/lib/python3.8/site-packages/airflow/example_dags/example_branch_python_dop_operator_3.py took 0.175 seconds
[2024-02-07T07:03:32.844+0000] {processor.py:161} INFO - Started process (PID=254) to work on /home/airflow/.local/lib/python3.8/site-packages/airflow/example_dags/example_branch_python_dop_operator_3.py
[2024-02-07T07:03:32.852+0000] {processor.py:830} INFO - Processing file /home/airflow/.local/lib/python3.8/site-packages/airflow/example_dags/example_branch_python_dop_operator_3.py for tasks to queue
[2024-02-07T07:03:32.858+0000] {logging_mixin.py:188} INFO - [2024-02-07T07:03:32.857+0000] {dagbag.py:538} INFO - Filling up the DagBag from /home/airflow/.local/lib/python3.8/site-packages/airflow/example_dags/example_branch_python_dop_operator_3.py
[2024-02-07T07:03:32.897+0000] {processor.py:840} INFO - DAG(s) 'example_branch_dop_operator_v3' retrieved from /home/airflow/.local/lib/python3.8/site-packages/airflow/example_dags/example_branch_python_dop_operator_3.py
[2024-02-07T07:03:32.991+0000] {logging_mixin.py:188} INFO - [2024-02-07T07:03:32.990+0000] {dag.py:3036} INFO - Sync 1 DAGs
[2024-02-07T07:03:33.090+0000] {logging_mixin.py:188} INFO - [2024-02-07T07:03:33.089+0000] {dag.py:3823} INFO - Setting next_dagrun for example_branch_dop_operator_v3 to 2024-02-07 07:02:00+00:00, run_after=2024-02-07 07:03:00+00:00
[2024-02-07T07:03:33.163+0000] {processor.py:183} INFO - Processing /home/airflow/.local/lib/python3.8/site-packages/airflow/example_dags/example_branch_python_dop_operator_3.py took 0.326 seconds
