[2024-02-07T07:01:52.090+0000] {processor.py:161} INFO - Started process (PID=72) to work on /home/airflow/.local/lib/python3.8/site-packages/airflow/example_dags/example_sensor_decorator.py
[2024-02-07T07:01:52.092+0000] {processor.py:830} INFO - Processing file /home/airflow/.local/lib/python3.8/site-packages/airflow/example_dags/example_sensor_decorator.py for tasks to queue
[2024-02-07T07:01:52.099+0000] {logging_mixin.py:188} INFO - [2024-02-07T07:01:52.098+0000] {dagbag.py:538} INFO - Filling up the DagBag from /home/airflow/.local/lib/python3.8/site-packages/airflow/example_dags/example_sensor_decorator.py
[2024-02-07T07:01:52.125+0000] {processor.py:840} INFO - DAG(s) 'example_sensor_decorator' retrieved from /home/airflow/.local/lib/python3.8/site-packages/airflow/example_dags/example_sensor_decorator.py
[2024-02-07T07:01:52.468+0000] {logging_mixin.py:188} INFO - [2024-02-07T07:01:52.467+0000] {override.py:1769} INFO - Created Permission View: can delete on DAG:example_sensor_decorator
[2024-02-07T07:01:52.499+0000] {logging_mixin.py:188} INFO - [2024-02-07T07:01:52.499+0000] {override.py:1769} INFO - Created Permission View: can read on DAG:example_sensor_decorator
[2024-02-07T07:01:52.518+0000] {logging_mixin.py:188} INFO - [2024-02-07T07:01:52.518+0000] {override.py:1769} INFO - Created Permission View: can edit on DAG:example_sensor_decorator
[2024-02-07T07:01:52.520+0000] {logging_mixin.py:188} INFO - [2024-02-07T07:01:52.519+0000] {dag.py:3036} INFO - Sync 1 DAGs
[2024-02-07T07:01:52.540+0000] {logging_mixin.py:188} INFO - [2024-02-07T07:01:52.540+0000] {dag.py:3058} INFO - Creating ORM DAG for example_sensor_decorator
[2024-02-07T07:01:52.542+0000] {logging_mixin.py:188} INFO - [2024-02-07T07:01:52.542+0000] {dag.py:3823} INFO - Setting next_dagrun for example_sensor_decorator to None, run_after=None
[2024-02-07T07:01:52.596+0000] {processor.py:183} INFO - Processing /home/airflow/.local/lib/python3.8/site-packages/airflow/example_dags/example_sensor_decorator.py took 0.513 seconds
[2024-02-07T07:02:23.037+0000] {processor.py:161} INFO - Started process (PID=127) to work on /home/airflow/.local/lib/python3.8/site-packages/airflow/example_dags/example_sensor_decorator.py
[2024-02-07T07:02:23.040+0000] {processor.py:830} INFO - Processing file /home/airflow/.local/lib/python3.8/site-packages/airflow/example_dags/example_sensor_decorator.py for tasks to queue
[2024-02-07T07:02:23.048+0000] {logging_mixin.py:188} INFO - [2024-02-07T07:02:23.046+0000] {dagbag.py:538} INFO - Filling up the DagBag from /home/airflow/.local/lib/python3.8/site-packages/airflow/example_dags/example_sensor_decorator.py
[2024-02-07T07:02:23.063+0000] {processor.py:840} INFO - DAG(s) 'example_sensor_decorator' retrieved from /home/airflow/.local/lib/python3.8/site-packages/airflow/example_dags/example_sensor_decorator.py
[2024-02-07T07:02:23.147+0000] {logging_mixin.py:188} INFO - [2024-02-07T07:02:23.146+0000] {dag.py:3036} INFO - Sync 1 DAGs
[2024-02-07T07:02:23.200+0000] {logging_mixin.py:188} INFO - [2024-02-07T07:02:23.199+0000] {dag.py:3823} INFO - Setting next_dagrun for example_sensor_decorator to None, run_after=None
[2024-02-07T07:02:23.269+0000] {processor.py:183} INFO - Processing /home/airflow/.local/lib/python3.8/site-packages/airflow/example_dags/example_sensor_decorator.py took 0.238 seconds
[2024-02-07T07:02:53.444+0000] {processor.py:161} INFO - Started process (PID=182) to work on /home/airflow/.local/lib/python3.8/site-packages/airflow/example_dags/example_sensor_decorator.py
[2024-02-07T07:02:53.447+0000] {processor.py:830} INFO - Processing file /home/airflow/.local/lib/python3.8/site-packages/airflow/example_dags/example_sensor_decorator.py for tasks to queue
[2024-02-07T07:02:53.451+0000] {logging_mixin.py:188} INFO - [2024-02-07T07:02:53.451+0000] {dagbag.py:538} INFO - Filling up the DagBag from /home/airflow/.local/lib/python3.8/site-packages/airflow/example_dags/example_sensor_decorator.py
[2024-02-07T07:02:53.466+0000] {processor.py:840} INFO - DAG(s) 'example_sensor_decorator' retrieved from /home/airflow/.local/lib/python3.8/site-packages/airflow/example_dags/example_sensor_decorator.py
[2024-02-07T07:02:53.539+0000] {logging_mixin.py:188} INFO - [2024-02-07T07:02:53.538+0000] {dag.py:3036} INFO - Sync 1 DAGs
[2024-02-07T07:02:53.572+0000] {logging_mixin.py:188} INFO - [2024-02-07T07:02:53.571+0000] {dag.py:3823} INFO - Setting next_dagrun for example_sensor_decorator to None, run_after=None
[2024-02-07T07:02:53.641+0000] {processor.py:183} INFO - Processing /home/airflow/.local/lib/python3.8/site-packages/airflow/example_dags/example_sensor_decorator.py took 0.203 seconds
[2024-02-07T07:03:27.629+0000] {processor.py:161} INFO - Started process (PID=238) to work on /home/airflow/.local/lib/python3.8/site-packages/airflow/example_dags/example_sensor_decorator.py
[2024-02-07T07:03:27.649+0000] {processor.py:830} INFO - Processing file /home/airflow/.local/lib/python3.8/site-packages/airflow/example_dags/example_sensor_decorator.py for tasks to queue
[2024-02-07T07:03:27.657+0000] {logging_mixin.py:188} INFO - [2024-02-07T07:03:27.656+0000] {dagbag.py:538} INFO - Filling up the DagBag from /home/airflow/.local/lib/python3.8/site-packages/airflow/example_dags/example_sensor_decorator.py
[2024-02-07T07:03:27.738+0000] {processor.py:840} INFO - DAG(s) 'example_sensor_decorator' retrieved from /home/airflow/.local/lib/python3.8/site-packages/airflow/example_dags/example_sensor_decorator.py
[2024-02-07T07:03:27.865+0000] {logging_mixin.py:188} INFO - [2024-02-07T07:03:27.864+0000] {dag.py:3036} INFO - Sync 1 DAGs
[2024-02-07T07:03:27.975+0000] {logging_mixin.py:188} INFO - [2024-02-07T07:03:27.975+0000] {dag.py:3823} INFO - Setting next_dagrun for example_sensor_decorator to None, run_after=None
[2024-02-07T07:03:28.097+0000] {processor.py:183} INFO - Processing /home/airflow/.local/lib/python3.8/site-packages/airflow/example_dags/example_sensor_decorator.py took 0.500 seconds
