[2024-02-07T07:01:54.201+0000] {processor.py:161} INFO - Started process (PID=80) to work on /home/airflow/.local/lib/python3.8/site-packages/airflow/example_dags/example_python_operator.py
[2024-02-07T07:01:54.202+0000] {processor.py:830} INFO - Processing file /home/airflow/.local/lib/python3.8/site-packages/airflow/example_dags/example_python_operator.py for tasks to queue
[2024-02-07T07:01:54.206+0000] {logging_mixin.py:188} INFO - [2024-02-07T07:01:54.205+0000] {dagbag.py:538} INFO - Filling up the DagBag from /home/airflow/.local/lib/python3.8/site-packages/airflow/example_dags/example_python_operator.py
[2024-02-07T07:01:54.249+0000] {processor.py:840} INFO - DAG(s) 'example_python_operator' retrieved from /home/airflow/.local/lib/python3.8/site-packages/airflow/example_dags/example_python_operator.py
[2024-02-07T07:01:54.528+0000] {logging_mixin.py:188} INFO - [2024-02-07T07:01:54.527+0000] {override.py:1769} INFO - Created Permission View: can delete on DAG:example_python_operator
[2024-02-07T07:01:54.559+0000] {logging_mixin.py:188} INFO - [2024-02-07T07:01:54.558+0000] {override.py:1769} INFO - Created Permission View: can read on DAG:example_python_operator
[2024-02-07T07:01:54.582+0000] {logging_mixin.py:188} INFO - [2024-02-07T07:01:54.582+0000] {override.py:1769} INFO - Created Permission View: can edit on DAG:example_python_operator
[2024-02-07T07:01:54.584+0000] {logging_mixin.py:188} INFO - [2024-02-07T07:01:54.583+0000] {dag.py:3036} INFO - Sync 1 DAGs
[2024-02-07T07:01:54.619+0000] {logging_mixin.py:188} INFO - [2024-02-07T07:01:54.618+0000] {dag.py:3058} INFO - Creating ORM DAG for example_python_operator
[2024-02-07T07:01:54.621+0000] {logging_mixin.py:188} INFO - [2024-02-07T07:01:54.620+0000] {dag.py:3823} INFO - Setting next_dagrun for example_python_operator to None, run_after=None
[2024-02-07T07:01:54.674+0000] {processor.py:183} INFO - Processing /home/airflow/.local/lib/python3.8/site-packages/airflow/example_dags/example_python_operator.py took 0.481 seconds
[2024-02-07T07:02:24.749+0000] {processor.py:161} INFO - Started process (PID=135) to work on /home/airflow/.local/lib/python3.8/site-packages/airflow/example_dags/example_python_operator.py
[2024-02-07T07:02:24.751+0000] {processor.py:830} INFO - Processing file /home/airflow/.local/lib/python3.8/site-packages/airflow/example_dags/example_python_operator.py for tasks to queue
[2024-02-07T07:02:24.754+0000] {logging_mixin.py:188} INFO - [2024-02-07T07:02:24.753+0000] {dagbag.py:538} INFO - Filling up the DagBag from /home/airflow/.local/lib/python3.8/site-packages/airflow/example_dags/example_python_operator.py
[2024-02-07T07:02:24.774+0000] {processor.py:840} INFO - DAG(s) 'example_python_operator' retrieved from /home/airflow/.local/lib/python3.8/site-packages/airflow/example_dags/example_python_operator.py
[2024-02-07T07:02:24.811+0000] {logging_mixin.py:188} INFO - [2024-02-07T07:02:24.811+0000] {dag.py:3036} INFO - Sync 1 DAGs
[2024-02-07T07:02:24.836+0000] {logging_mixin.py:188} INFO - [2024-02-07T07:02:24.835+0000] {dag.py:3823} INFO - Setting next_dagrun for example_python_operator to None, run_after=None
[2024-02-07T07:02:24.883+0000] {processor.py:183} INFO - Processing /home/airflow/.local/lib/python3.8/site-packages/airflow/example_dags/example_python_operator.py took 0.140 seconds
[2024-02-07T07:02:54.955+0000] {processor.py:161} INFO - Started process (PID=190) to work on /home/airflow/.local/lib/python3.8/site-packages/airflow/example_dags/example_python_operator.py
[2024-02-07T07:02:54.957+0000] {processor.py:830} INFO - Processing file /home/airflow/.local/lib/python3.8/site-packages/airflow/example_dags/example_python_operator.py for tasks to queue
[2024-02-07T07:02:54.961+0000] {logging_mixin.py:188} INFO - [2024-02-07T07:02:54.960+0000] {dagbag.py:538} INFO - Filling up the DagBag from /home/airflow/.local/lib/python3.8/site-packages/airflow/example_dags/example_python_operator.py
[2024-02-07T07:02:54.995+0000] {processor.py:840} INFO - DAG(s) 'example_python_operator' retrieved from /home/airflow/.local/lib/python3.8/site-packages/airflow/example_dags/example_python_operator.py
[2024-02-07T07:02:55.049+0000] {logging_mixin.py:188} INFO - [2024-02-07T07:02:55.048+0000] {dag.py:3036} INFO - Sync 1 DAGs
[2024-02-07T07:02:55.091+0000] {logging_mixin.py:188} INFO - [2024-02-07T07:02:55.091+0000] {dag.py:3823} INFO - Setting next_dagrun for example_python_operator to None, run_after=None
[2024-02-07T07:02:55.150+0000] {processor.py:183} INFO - Processing /home/airflow/.local/lib/python3.8/site-packages/airflow/example_dags/example_python_operator.py took 0.206 seconds
[2024-02-07T07:03:30.021+0000] {processor.py:161} INFO - Started process (PID=246) to work on /home/airflow/.local/lib/python3.8/site-packages/airflow/example_dags/example_python_operator.py
[2024-02-07T07:03:30.028+0000] {processor.py:830} INFO - Processing file /home/airflow/.local/lib/python3.8/site-packages/airflow/example_dags/example_python_operator.py for tasks to queue
[2024-02-07T07:03:30.061+0000] {logging_mixin.py:188} INFO - [2024-02-07T07:03:30.055+0000] {dagbag.py:538} INFO - Filling up the DagBag from /home/airflow/.local/lib/python3.8/site-packages/airflow/example_dags/example_python_operator.py
[2024-02-07T07:03:30.148+0000] {processor.py:840} INFO - DAG(s) 'example_python_operator' retrieved from /home/airflow/.local/lib/python3.8/site-packages/airflow/example_dags/example_python_operator.py
[2024-02-07T07:03:30.349+0000] {logging_mixin.py:188} INFO - [2024-02-07T07:03:30.348+0000] {dag.py:3036} INFO - Sync 1 DAGs
[2024-02-07T07:03:30.456+0000] {logging_mixin.py:188} INFO - [2024-02-07T07:03:30.456+0000] {dag.py:3823} INFO - Setting next_dagrun for example_python_operator to None, run_after=None
[2024-02-07T07:03:30.568+0000] {processor.py:183} INFO - Processing /home/airflow/.local/lib/python3.8/site-packages/airflow/example_dags/example_python_operator.py took 0.567 seconds
