[2024-02-07T07:01:50.179+0000] {processor.py:161} INFO - Started process (PID=67) to work on /home/airflow/.local/lib/python3.8/site-packages/airflow/example_dags/example_complex.py
[2024-02-07T07:01:50.192+0000] {processor.py:830} INFO - Processing file /home/airflow/.local/lib/python3.8/site-packages/airflow/example_dags/example_complex.py for tasks to queue
[2024-02-07T07:01:50.197+0000] {logging_mixin.py:188} INFO - [2024-02-07T07:01:50.196+0000] {dagbag.py:538} INFO - Filling up the DagBag from /home/airflow/.local/lib/python3.8/site-packages/airflow/example_dags/example_complex.py
[2024-02-07T07:01:50.255+0000] {processor.py:840} INFO - DAG(s) 'example_complex' retrieved from /home/airflow/.local/lib/python3.8/site-packages/airflow/example_dags/example_complex.py
[2024-02-07T07:01:50.694+0000] {logging_mixin.py:188} INFO - [2024-02-07T07:01:50.692+0000] {override.py:1769} INFO - Created Permission View: can delete on DAG:example_complex
[2024-02-07T07:01:50.725+0000] {logging_mixin.py:188} INFO - [2024-02-07T07:01:50.724+0000] {override.py:1769} INFO - Created Permission View: can read on DAG:example_complex
[2024-02-07T07:01:50.750+0000] {logging_mixin.py:188} INFO - [2024-02-07T07:01:50.750+0000] {override.py:1769} INFO - Created Permission View: can edit on DAG:example_complex
[2024-02-07T07:01:50.752+0000] {logging_mixin.py:188} INFO - [2024-02-07T07:01:50.752+0000] {dag.py:3036} INFO - Sync 1 DAGs
[2024-02-07T07:01:50.788+0000] {logging_mixin.py:188} INFO - [2024-02-07T07:01:50.787+0000] {dag.py:3058} INFO - Creating ORM DAG for example_complex
[2024-02-07T07:01:50.791+0000] {logging_mixin.py:188} INFO - [2024-02-07T07:01:50.790+0000] {dag.py:3823} INFO - Setting next_dagrun for example_complex to None, run_after=None
[2024-02-07T07:01:50.846+0000] {processor.py:183} INFO - Processing /home/airflow/.local/lib/python3.8/site-packages/airflow/example_dags/example_complex.py took 0.681 seconds
[2024-02-07T07:02:21.327+0000] {processor.py:161} INFO - Started process (PID=122) to work on /home/airflow/.local/lib/python3.8/site-packages/airflow/example_dags/example_complex.py
[2024-02-07T07:02:21.330+0000] {processor.py:830} INFO - Processing file /home/airflow/.local/lib/python3.8/site-packages/airflow/example_dags/example_complex.py for tasks to queue
[2024-02-07T07:02:21.333+0000] {logging_mixin.py:188} INFO - [2024-02-07T07:02:21.333+0000] {dagbag.py:538} INFO - Filling up the DagBag from /home/airflow/.local/lib/python3.8/site-packages/airflow/example_dags/example_complex.py
[2024-02-07T07:02:21.379+0000] {processor.py:840} INFO - DAG(s) 'example_complex' retrieved from /home/airflow/.local/lib/python3.8/site-packages/airflow/example_dags/example_complex.py
[2024-02-07T07:02:21.471+0000] {logging_mixin.py:188} INFO - [2024-02-07T07:02:21.470+0000] {dag.py:3036} INFO - Sync 1 DAGs
[2024-02-07T07:02:21.525+0000] {logging_mixin.py:188} INFO - [2024-02-07T07:02:21.524+0000] {dag.py:3823} INFO - Setting next_dagrun for example_complex to None, run_after=None
[2024-02-07T07:02:21.620+0000] {processor.py:183} INFO - Processing /home/airflow/.local/lib/python3.8/site-packages/airflow/example_dags/example_complex.py took 0.317 seconds
[2024-02-07T07:02:52.263+0000] {processor.py:161} INFO - Started process (PID=177) to work on /home/airflow/.local/lib/python3.8/site-packages/airflow/example_dags/example_complex.py
[2024-02-07T07:02:52.266+0000] {processor.py:830} INFO - Processing file /home/airflow/.local/lib/python3.8/site-packages/airflow/example_dags/example_complex.py for tasks to queue
[2024-02-07T07:02:52.271+0000] {logging_mixin.py:188} INFO - [2024-02-07T07:02:52.270+0000] {dagbag.py:538} INFO - Filling up the DagBag from /home/airflow/.local/lib/python3.8/site-packages/airflow/example_dags/example_complex.py
[2024-02-07T07:02:52.302+0000] {processor.py:840} INFO - DAG(s) 'example_complex' retrieved from /home/airflow/.local/lib/python3.8/site-packages/airflow/example_dags/example_complex.py
[2024-02-07T07:02:52.423+0000] {logging_mixin.py:188} INFO - [2024-02-07T07:02:52.422+0000] {dag.py:3036} INFO - Sync 1 DAGs
[2024-02-07T07:02:52.457+0000] {logging_mixin.py:188} INFO - [2024-02-07T07:02:52.456+0000] {dag.py:3823} INFO - Setting next_dagrun for example_complex to None, run_after=None
[2024-02-07T07:02:52.534+0000] {processor.py:183} INFO - Processing /home/airflow/.local/lib/python3.8/site-packages/airflow/example_dags/example_complex.py took 0.278 seconds
[2024-02-07T07:03:24.899+0000] {processor.py:161} INFO - Started process (PID=233) to work on /home/airflow/.local/lib/python3.8/site-packages/airflow/example_dags/example_complex.py
[2024-02-07T07:03:24.915+0000] {processor.py:830} INFO - Processing file /home/airflow/.local/lib/python3.8/site-packages/airflow/example_dags/example_complex.py for tasks to queue
[2024-02-07T07:03:24.922+0000] {logging_mixin.py:188} INFO - [2024-02-07T07:03:24.921+0000] {dagbag.py:538} INFO - Filling up the DagBag from /home/airflow/.local/lib/python3.8/site-packages/airflow/example_dags/example_complex.py
[2024-02-07T07:03:25.003+0000] {processor.py:840} INFO - DAG(s) 'example_complex' retrieved from /home/airflow/.local/lib/python3.8/site-packages/airflow/example_dags/example_complex.py
[2024-02-07T07:03:25.250+0000] {logging_mixin.py:188} INFO - [2024-02-07T07:03:25.249+0000] {dag.py:3036} INFO - Sync 1 DAGs
[2024-02-07T07:03:25.377+0000] {logging_mixin.py:188} INFO - [2024-02-07T07:03:25.376+0000] {dag.py:3823} INFO - Setting next_dagrun for example_complex to None, run_after=None
[2024-02-07T07:03:25.710+0000] {processor.py:183} INFO - Processing /home/airflow/.local/lib/python3.8/site-packages/airflow/example_dags/example_complex.py took 0.819 seconds
