[2024-02-07T07:01:49.159+0000] {processor.py:161} INFO - Started process (PID=58) to work on /home/airflow/.local/lib/python3.8/site-packages/airflow/example_dags/example_task_group.py
[2024-02-07T07:01:49.162+0000] {processor.py:830} INFO - Processing file /home/airflow/.local/lib/python3.8/site-packages/airflow/example_dags/example_task_group.py for tasks to queue
[2024-02-07T07:01:49.168+0000] {logging_mixin.py:188} INFO - [2024-02-07T07:01:49.166+0000] {dagbag.py:538} INFO - Filling up the DagBag from /home/airflow/.local/lib/python3.8/site-packages/airflow/example_dags/example_task_group.py
[2024-02-07T07:01:49.206+0000] {processor.py:840} INFO - DAG(s) 'example_task_group' retrieved from /home/airflow/.local/lib/python3.8/site-packages/airflow/example_dags/example_task_group.py
[2024-02-07T07:01:49.569+0000] {logging_mixin.py:188} INFO - [2024-02-07T07:01:49.566+0000] {override.py:1769} INFO - Created Permission View: can delete on DAG:example_task_group
[2024-02-07T07:01:49.619+0000] {logging_mixin.py:188} INFO - [2024-02-07T07:01:49.618+0000] {override.py:1769} INFO - Created Permission View: can read on DAG:example_task_group
[2024-02-07T07:01:49.651+0000] {logging_mixin.py:188} INFO - [2024-02-07T07:01:49.650+0000] {override.py:1769} INFO - Created Permission View: can edit on DAG:example_task_group
[2024-02-07T07:01:49.653+0000] {logging_mixin.py:188} INFO - [2024-02-07T07:01:49.652+0000] {dag.py:3036} INFO - Sync 1 DAGs
[2024-02-07T07:01:49.694+0000] {logging_mixin.py:188} INFO - [2024-02-07T07:01:49.693+0000] {dag.py:3058} INFO - Creating ORM DAG for example_task_group
[2024-02-07T07:01:49.759+0000] {logging_mixin.py:188} INFO - [2024-02-07T07:01:49.755+0000] {dag.py:3823} INFO - Setting next_dagrun for example_task_group to 2024-02-06 00:00:00+00:00, run_after=2024-02-07 00:00:00+00:00
[2024-02-07T07:01:49.872+0000] {processor.py:183} INFO - Processing /home/airflow/.local/lib/python3.8/site-packages/airflow/example_dags/example_task_group.py took 0.721 seconds
[2024-02-07T07:02:20.153+0000] {processor.py:161} INFO - Started process (PID=119) to work on /home/airflow/.local/lib/python3.8/site-packages/airflow/example_dags/example_task_group.py
[2024-02-07T07:02:20.156+0000] {processor.py:830} INFO - Processing file /home/airflow/.local/lib/python3.8/site-packages/airflow/example_dags/example_task_group.py for tasks to queue
[2024-02-07T07:02:20.162+0000] {logging_mixin.py:188} INFO - [2024-02-07T07:02:20.161+0000] {dagbag.py:538} INFO - Filling up the DagBag from /home/airflow/.local/lib/python3.8/site-packages/airflow/example_dags/example_task_group.py
[2024-02-07T07:02:20.187+0000] {processor.py:840} INFO - DAG(s) 'example_task_group' retrieved from /home/airflow/.local/lib/python3.8/site-packages/airflow/example_dags/example_task_group.py
[2024-02-07T07:02:20.255+0000] {logging_mixin.py:188} INFO - [2024-02-07T07:02:20.253+0000] {dag.py:3036} INFO - Sync 1 DAGs
[2024-02-07T07:02:20.379+0000] {logging_mixin.py:188} INFO - [2024-02-07T07:02:20.378+0000] {dag.py:3823} INFO - Setting next_dagrun for example_task_group to 2024-02-06 00:00:00+00:00, run_after=2024-02-07 00:00:00+00:00
[2024-02-07T07:02:20.467+0000] {processor.py:183} INFO - Processing /home/airflow/.local/lib/python3.8/site-packages/airflow/example_dags/example_task_group.py took 0.323 seconds
[2024-02-07T07:02:50.726+0000] {processor.py:161} INFO - Started process (PID=174) to work on /home/airflow/.local/lib/python3.8/site-packages/airflow/example_dags/example_task_group.py
[2024-02-07T07:02:50.728+0000] {processor.py:830} INFO - Processing file /home/airflow/.local/lib/python3.8/site-packages/airflow/example_dags/example_task_group.py for tasks to queue
[2024-02-07T07:02:50.733+0000] {logging_mixin.py:188} INFO - [2024-02-07T07:02:50.732+0000] {dagbag.py:538} INFO - Filling up the DagBag from /home/airflow/.local/lib/python3.8/site-packages/airflow/example_dags/example_task_group.py
[2024-02-07T07:02:50.754+0000] {processor.py:840} INFO - DAG(s) 'example_task_group' retrieved from /home/airflow/.local/lib/python3.8/site-packages/airflow/example_dags/example_task_group.py
[2024-02-07T07:02:50.799+0000] {logging_mixin.py:188} INFO - [2024-02-07T07:02:50.798+0000] {dag.py:3036} INFO - Sync 1 DAGs
[2024-02-07T07:02:50.859+0000] {logging_mixin.py:188} INFO - [2024-02-07T07:02:50.859+0000] {dag.py:3823} INFO - Setting next_dagrun for example_task_group to 2024-02-06 00:00:00+00:00, run_after=2024-02-07 00:00:00+00:00
[2024-02-07T07:02:50.907+0000] {processor.py:183} INFO - Processing /home/airflow/.local/lib/python3.8/site-packages/airflow/example_dags/example_task_group.py took 0.189 seconds
[2024-02-07T07:03:21.862+0000] {processor.py:161} INFO - Started process (PID=230) to work on /home/airflow/.local/lib/python3.8/site-packages/airflow/example_dags/example_task_group.py
[2024-02-07T07:03:21.865+0000] {processor.py:830} INFO - Processing file /home/airflow/.local/lib/python3.8/site-packages/airflow/example_dags/example_task_group.py for tasks to queue
[2024-02-07T07:03:21.869+0000] {logging_mixin.py:188} INFO - [2024-02-07T07:03:21.869+0000] {dagbag.py:538} INFO - Filling up the DagBag from /home/airflow/.local/lib/python3.8/site-packages/airflow/example_dags/example_task_group.py
[2024-02-07T07:03:21.883+0000] {processor.py:840} INFO - DAG(s) 'example_task_group' retrieved from /home/airflow/.local/lib/python3.8/site-packages/airflow/example_dags/example_task_group.py
[2024-02-07T07:03:21.936+0000] {logging_mixin.py:188} INFO - [2024-02-07T07:03:21.936+0000] {dag.py:3036} INFO - Sync 1 DAGs
[2024-02-07T07:03:21.991+0000] {logging_mixin.py:188} INFO - [2024-02-07T07:03:21.991+0000] {dag.py:3823} INFO - Setting next_dagrun for example_task_group to 2024-02-06 00:00:00+00:00, run_after=2024-02-07 00:00:00+00:00
[2024-02-07T07:03:22.039+0000] {processor.py:183} INFO - Processing /home/airflow/.local/lib/python3.8/site-packages/airflow/example_dags/example_task_group.py took 0.182 seconds
