[2024-02-07T07:01:45.284+0000] {processor.py:161} INFO - Started process (PID=50) to work on /home/airflow/.local/lib/python3.8/site-packages/airflow/example_dags/example_xcom.py
[2024-02-07T07:01:45.289+0000] {processor.py:830} INFO - Processing file /home/airflow/.local/lib/python3.8/site-packages/airflow/example_dags/example_xcom.py for tasks to queue
[2024-02-07T07:01:45.294+0000] {logging_mixin.py:188} INFO - [2024-02-07T07:01:45.293+0000] {dagbag.py:538} INFO - Filling up the DagBag from /home/airflow/.local/lib/python3.8/site-packages/airflow/example_dags/example_xcom.py
[2024-02-07T07:01:45.348+0000] {processor.py:840} INFO - DAG(s) 'example_xcom' retrieved from /home/airflow/.local/lib/python3.8/site-packages/airflow/example_dags/example_xcom.py
[2024-02-07T07:01:46.042+0000] {logging_mixin.py:188} INFO - [2024-02-07T07:01:46.040+0000] {override.py:1769} INFO - Created Permission View: can delete on DAG:example_xcom
[2024-02-07T07:01:46.102+0000] {logging_mixin.py:188} INFO - [2024-02-07T07:01:46.101+0000] {override.py:1769} INFO - Created Permission View: can read on DAG:example_xcom
[2024-02-07T07:01:46.145+0000] {logging_mixin.py:188} INFO - [2024-02-07T07:01:46.143+0000] {override.py:1769} INFO - Created Permission View: can edit on DAG:example_xcom
[2024-02-07T07:01:46.147+0000] {logging_mixin.py:188} INFO - [2024-02-07T07:01:46.147+0000] {dag.py:3036} INFO - Sync 1 DAGs
[2024-02-07T07:01:46.237+0000] {logging_mixin.py:188} INFO - [2024-02-07T07:01:46.237+0000] {dag.py:3058} INFO - Creating ORM DAG for example_xcom
[2024-02-07T07:01:46.309+0000] {logging_mixin.py:188} INFO - [2024-02-07T07:01:46.308+0000] {dag.py:3823} INFO - Setting next_dagrun for example_xcom to 2021-01-01 00:00:00+00:00, run_after=2021-01-01 00:00:00+00:00
[2024-02-07T07:01:46.395+0000] {processor.py:183} INFO - Processing /home/airflow/.local/lib/python3.8/site-packages/airflow/example_dags/example_xcom.py took 1.132 seconds
[2024-02-07T07:02:16.772+0000] {processor.py:161} INFO - Started process (PID=106) to work on /home/airflow/.local/lib/python3.8/site-packages/airflow/example_dags/example_xcom.py
[2024-02-07T07:02:16.775+0000] {processor.py:830} INFO - Processing file /home/airflow/.local/lib/python3.8/site-packages/airflow/example_dags/example_xcom.py for tasks to queue
[2024-02-07T07:02:16.779+0000] {logging_mixin.py:188} INFO - [2024-02-07T07:02:16.779+0000] {dagbag.py:538} INFO - Filling up the DagBag from /home/airflow/.local/lib/python3.8/site-packages/airflow/example_dags/example_xcom.py
[2024-02-07T07:02:16.800+0000] {processor.py:840} INFO - DAG(s) 'example_xcom' retrieved from /home/airflow/.local/lib/python3.8/site-packages/airflow/example_dags/example_xcom.py
[2024-02-07T07:02:16.869+0000] {logging_mixin.py:188} INFO - [2024-02-07T07:02:16.869+0000] {dag.py:3036} INFO - Sync 1 DAGs
[2024-02-07T07:02:16.952+0000] {logging_mixin.py:188} INFO - [2024-02-07T07:02:16.951+0000] {dag.py:3823} INFO - Setting next_dagrun for example_xcom to 2021-01-01 00:00:00+00:00, run_after=2021-01-01 00:00:00+00:00
[2024-02-07T07:02:17.013+0000] {processor.py:183} INFO - Processing /home/airflow/.local/lib/python3.8/site-packages/airflow/example_dags/example_xcom.py took 0.248 seconds
[2024-02-07T07:02:47.067+0000] {processor.py:161} INFO - Started process (PID=161) to work on /home/airflow/.local/lib/python3.8/site-packages/airflow/example_dags/example_xcom.py
[2024-02-07T07:02:47.068+0000] {processor.py:830} INFO - Processing file /home/airflow/.local/lib/python3.8/site-packages/airflow/example_dags/example_xcom.py for tasks to queue
[2024-02-07T07:02:47.074+0000] {logging_mixin.py:188} INFO - [2024-02-07T07:02:47.073+0000] {dagbag.py:538} INFO - Filling up the DagBag from /home/airflow/.local/lib/python3.8/site-packages/airflow/example_dags/example_xcom.py
[2024-02-07T07:02:47.085+0000] {processor.py:840} INFO - DAG(s) 'example_xcom' retrieved from /home/airflow/.local/lib/python3.8/site-packages/airflow/example_dags/example_xcom.py
[2024-02-07T07:02:47.128+0000] {logging_mixin.py:188} INFO - [2024-02-07T07:02:47.128+0000] {dag.py:3036} INFO - Sync 1 DAGs
[2024-02-07T07:02:47.178+0000] {logging_mixin.py:188} INFO - [2024-02-07T07:02:47.178+0000] {dag.py:3823} INFO - Setting next_dagrun for example_xcom to 2021-01-01 00:00:00+00:00, run_after=2021-01-01 00:00:00+00:00
[2024-02-07T07:02:47.226+0000] {processor.py:183} INFO - Processing /home/airflow/.local/lib/python3.8/site-packages/airflow/example_dags/example_xcom.py took 0.164 seconds
[2024-02-07T07:03:18.071+0000] {processor.py:161} INFO - Started process (PID=216) to work on /home/airflow/.local/lib/python3.8/site-packages/airflow/example_dags/example_xcom.py
[2024-02-07T07:03:18.073+0000] {processor.py:830} INFO - Processing file /home/airflow/.local/lib/python3.8/site-packages/airflow/example_dags/example_xcom.py for tasks to queue
[2024-02-07T07:03:18.076+0000] {logging_mixin.py:188} INFO - [2024-02-07T07:03:18.076+0000] {dagbag.py:538} INFO - Filling up the DagBag from /home/airflow/.local/lib/python3.8/site-packages/airflow/example_dags/example_xcom.py
[2024-02-07T07:03:18.095+0000] {processor.py:840} INFO - DAG(s) 'example_xcom' retrieved from /home/airflow/.local/lib/python3.8/site-packages/airflow/example_dags/example_xcom.py
[2024-02-07T07:03:18.140+0000] {logging_mixin.py:188} INFO - [2024-02-07T07:03:18.139+0000] {dag.py:3036} INFO - Sync 1 DAGs
[2024-02-07T07:03:18.195+0000] {logging_mixin.py:188} INFO - [2024-02-07T07:03:18.194+0000] {dag.py:3823} INFO - Setting next_dagrun for example_xcom to 2021-01-01 00:00:00+00:00, run_after=2021-01-01 00:00:00+00:00
[2024-02-07T07:03:18.256+0000] {processor.py:183} INFO - Processing /home/airflow/.local/lib/python3.8/site-packages/airflow/example_dags/example_xcom.py took 0.195 seconds
