[2024-02-07T07:01:54.509+0000] {processor.py:161} INFO - Started process (PID=81) to work on /home/airflow/.local/lib/python3.8/site-packages/airflow/example_dags/example_sla_dag.py
[2024-02-07T07:01:54.511+0000] {processor.py:830} INFO - Processing file /home/airflow/.local/lib/python3.8/site-packages/airflow/example_dags/example_sla_dag.py for tasks to queue
[2024-02-07T07:01:54.516+0000] {logging_mixin.py:188} INFO - [2024-02-07T07:01:54.515+0000] {dagbag.py:538} INFO - Filling up the DagBag from /home/airflow/.local/lib/python3.8/site-packages/airflow/example_dags/example_sla_dag.py
[2024-02-07T07:01:54.555+0000] {processor.py:840} INFO - DAG(s) 'example_sla_dag' retrieved from /home/airflow/.local/lib/python3.8/site-packages/airflow/example_dags/example_sla_dag.py
[2024-02-07T07:01:54.862+0000] {logging_mixin.py:188} INFO - [2024-02-07T07:01:54.861+0000] {override.py:1769} INFO - Created Permission View: can delete on DAG:example_sla_dag
[2024-02-07T07:01:54.889+0000] {logging_mixin.py:188} INFO - [2024-02-07T07:01:54.888+0000] {override.py:1769} INFO - Created Permission View: can read on DAG:example_sla_dag
[2024-02-07T07:01:54.911+0000] {logging_mixin.py:188} INFO - [2024-02-07T07:01:54.910+0000] {override.py:1769} INFO - Created Permission View: can edit on DAG:example_sla_dag
[2024-02-07T07:01:54.912+0000] {logging_mixin.py:188} INFO - [2024-02-07T07:01:54.912+0000] {dag.py:3036} INFO - Sync 1 DAGs
[2024-02-07T07:01:54.938+0000] {logging_mixin.py:188} INFO - [2024-02-07T07:01:54.938+0000] {dag.py:3058} INFO - Creating ORM DAG for example_sla_dag
[2024-02-07T07:01:54.968+0000] {logging_mixin.py:188} INFO - [2024-02-07T07:01:54.967+0000] {dag.py:3823} INFO - Setting next_dagrun for example_sla_dag to 2024-02-07 06:58:00+00:00, run_after=2024-02-07 07:00:00+00:00
[2024-02-07T07:01:55.013+0000] {processor.py:183} INFO - Processing /home/airflow/.local/lib/python3.8/site-packages/airflow/example_dags/example_sla_dag.py took 0.509 seconds
[2024-02-07T07:02:25.772+0000] {processor.py:161} INFO - Started process (PID=136) to work on /home/airflow/.local/lib/python3.8/site-packages/airflow/example_dags/example_sla_dag.py
[2024-02-07T07:02:25.775+0000] {processor.py:830} INFO - Processing file /home/airflow/.local/lib/python3.8/site-packages/airflow/example_dags/example_sla_dag.py for tasks to queue
[2024-02-07T07:02:25.779+0000] {logging_mixin.py:188} INFO - [2024-02-07T07:02:25.778+0000] {dagbag.py:538} INFO - Filling up the DagBag from /home/airflow/.local/lib/python3.8/site-packages/airflow/example_dags/example_sla_dag.py
[2024-02-07T07:02:25.801+0000] {processor.py:840} INFO - DAG(s) 'example_sla_dag' retrieved from /home/airflow/.local/lib/python3.8/site-packages/airflow/example_dags/example_sla_dag.py
[2024-02-07T07:02:25.894+0000] {logging_mixin.py:188} INFO - [2024-02-07T07:02:25.893+0000] {dag.py:3036} INFO - Sync 1 DAGs
[2024-02-07T07:02:26.003+0000] {logging_mixin.py:188} INFO - [2024-02-07T07:02:26.001+0000] {dag.py:3823} INFO - Setting next_dagrun for example_sla_dag to 2024-02-07 07:00:00+00:00, run_after=2024-02-07 07:02:00+00:00
[2024-02-07T07:02:26.341+0000] {processor.py:183} INFO - Processing /home/airflow/.local/lib/python3.8/site-packages/airflow/example_dags/example_sla_dag.py took 0.580 seconds
[2024-02-07T07:02:57.221+0000] {processor.py:161} INFO - Started process (PID=191) to work on /home/airflow/.local/lib/python3.8/site-packages/airflow/example_dags/example_sla_dag.py
[2024-02-07T07:02:57.222+0000] {processor.py:830} INFO - Processing file /home/airflow/.local/lib/python3.8/site-packages/airflow/example_dags/example_sla_dag.py for tasks to queue
[2024-02-07T07:02:57.225+0000] {logging_mixin.py:188} INFO - [2024-02-07T07:02:57.225+0000] {dagbag.py:538} INFO - Filling up the DagBag from /home/airflow/.local/lib/python3.8/site-packages/airflow/example_dags/example_sla_dag.py
[2024-02-07T07:02:57.239+0000] {processor.py:840} INFO - DAG(s) 'example_sla_dag' retrieved from /home/airflow/.local/lib/python3.8/site-packages/airflow/example_dags/example_sla_dag.py
[2024-02-07T07:02:57.272+0000] {logging_mixin.py:188} INFO - [2024-02-07T07:02:57.272+0000] {dag.py:3036} INFO - Sync 1 DAGs
[2024-02-07T07:02:57.315+0000] {logging_mixin.py:188} INFO - [2024-02-07T07:02:57.315+0000] {dag.py:3823} INFO - Setting next_dagrun for example_sla_dag to 2024-02-07 07:00:00+00:00, run_after=2024-02-07 07:02:00+00:00
[2024-02-07T07:02:57.355+0000] {processor.py:183} INFO - Processing /home/airflow/.local/lib/python3.8/site-packages/airflow/example_dags/example_sla_dag.py took 0.139 seconds
[2024-02-07T07:03:30.477+0000] {processor.py:161} INFO - Started process (PID=247) to work on /home/airflow/.local/lib/python3.8/site-packages/airflow/example_dags/example_sla_dag.py
[2024-02-07T07:03:30.481+0000] {processor.py:830} INFO - Processing file /home/airflow/.local/lib/python3.8/site-packages/airflow/example_dags/example_sla_dag.py for tasks to queue
[2024-02-07T07:03:30.492+0000] {logging_mixin.py:188} INFO - [2024-02-07T07:03:30.490+0000] {dagbag.py:538} INFO - Filling up the DagBag from /home/airflow/.local/lib/python3.8/site-packages/airflow/example_dags/example_sla_dag.py
[2024-02-07T07:03:30.548+0000] {processor.py:840} INFO - DAG(s) 'example_sla_dag' retrieved from /home/airflow/.local/lib/python3.8/site-packages/airflow/example_dags/example_sla_dag.py
[2024-02-07T07:03:30.710+0000] {logging_mixin.py:188} INFO - [2024-02-07T07:03:30.709+0000] {dag.py:3036} INFO - Sync 1 DAGs
[2024-02-07T07:03:30.947+0000] {logging_mixin.py:188} INFO - [2024-02-07T07:03:30.946+0000] {dag.py:3823} INFO - Setting next_dagrun for example_sla_dag to 2024-02-07 07:00:00+00:00, run_after=2024-02-07 07:02:00+00:00
[2024-02-07T07:03:31.116+0000] {processor.py:183} INFO - Processing /home/airflow/.local/lib/python3.8/site-packages/airflow/example_dags/example_sla_dag.py took 0.658 seconds
