[2024-02-07T07:01:55.850+0000] {processor.py:161} INFO - Started process (PID=86) to work on /home/airflow/.local/lib/python3.8/site-packages/airflow/example_dags/example_branch_datetime_operator.py
[2024-02-07T07:01:55.852+0000] {processor.py:830} INFO - Processing file /home/airflow/.local/lib/python3.8/site-packages/airflow/example_dags/example_branch_datetime_operator.py for tasks to queue
[2024-02-07T07:01:55.857+0000] {logging_mixin.py:188} INFO - [2024-02-07T07:01:55.856+0000] {dagbag.py:538} INFO - Filling up the DagBag from /home/airflow/.local/lib/python3.8/site-packages/airflow/example_dags/example_branch_datetime_operator.py
[2024-02-07T07:01:55.889+0000] {processor.py:840} INFO - DAG(s) 'example_branch_datetime_operator', 'example_branch_datetime_operator_2', 'example_branch_datetime_operator_3' retrieved from /home/airflow/.local/lib/python3.8/site-packages/airflow/example_dags/example_branch_datetime_operator.py
[2024-02-07T07:01:56.168+0000] {logging_mixin.py:188} INFO - [2024-02-07T07:01:56.166+0000] {override.py:1769} INFO - Created Permission View: can delete on DAG:example_branch_datetime_operator
[2024-02-07T07:01:56.204+0000] {logging_mixin.py:188} INFO - [2024-02-07T07:01:56.203+0000] {override.py:1769} INFO - Created Permission View: can read on DAG:example_branch_datetime_operator
[2024-02-07T07:01:56.228+0000] {logging_mixin.py:188} INFO - [2024-02-07T07:01:56.227+0000] {override.py:1769} INFO - Created Permission View: can edit on DAG:example_branch_datetime_operator
[2024-02-07T07:01:56.268+0000] {logging_mixin.py:188} INFO - [2024-02-07T07:01:56.267+0000] {override.py:1769} INFO - Created Permission View: can delete on DAG:example_branch_datetime_operator_2
[2024-02-07T07:01:56.288+0000] {logging_mixin.py:188} INFO - [2024-02-07T07:01:56.288+0000] {override.py:1769} INFO - Created Permission View: can read on DAG:example_branch_datetime_operator_2
[2024-02-07T07:01:56.306+0000] {logging_mixin.py:188} INFO - [2024-02-07T07:01:56.306+0000] {override.py:1769} INFO - Created Permission View: can edit on DAG:example_branch_datetime_operator_2
[2024-02-07T07:01:56.341+0000] {logging_mixin.py:188} INFO - [2024-02-07T07:01:56.340+0000] {override.py:1769} INFO - Created Permission View: can delete on DAG:example_branch_datetime_operator_3
[2024-02-07T07:01:56.362+0000] {logging_mixin.py:188} INFO - [2024-02-07T07:01:56.361+0000] {override.py:1769} INFO - Created Permission View: can read on DAG:example_branch_datetime_operator_3
[2024-02-07T07:01:56.380+0000] {logging_mixin.py:188} INFO - [2024-02-07T07:01:56.379+0000] {override.py:1769} INFO - Created Permission View: can edit on DAG:example_branch_datetime_operator_3
[2024-02-07T07:01:56.382+0000] {logging_mixin.py:188} INFO - [2024-02-07T07:01:56.382+0000] {dag.py:3036} INFO - Sync 3 DAGs
[2024-02-07T07:01:56.409+0000] {logging_mixin.py:188} INFO - [2024-02-07T07:01:56.408+0000] {dag.py:3058} INFO - Creating ORM DAG for example_branch_datetime_operator
[2024-02-07T07:01:56.411+0000] {logging_mixin.py:188} INFO - [2024-02-07T07:01:56.411+0000] {dag.py:3058} INFO - Creating ORM DAG for example_branch_datetime_operator_3
[2024-02-07T07:01:56.413+0000] {logging_mixin.py:188} INFO - [2024-02-07T07:01:56.412+0000] {dag.py:3058} INFO - Creating ORM DAG for example_branch_datetime_operator_2
[2024-02-07T07:01:56.445+0000] {logging_mixin.py:188} INFO - [2024-02-07T07:01:56.445+0000] {dag.py:3823} INFO - Setting next_dagrun for example_branch_datetime_operator to 2024-02-06 00:00:00+00:00, run_after=2024-02-07 00:00:00+00:00
[2024-02-07T07:01:56.450+0000] {logging_mixin.py:188} INFO - [2024-02-07T07:01:56.450+0000] {dag.py:3823} INFO - Setting next_dagrun for example_branch_datetime_operator_2 to 2024-02-06 00:00:00+00:00, run_after=2024-02-07 00:00:00+00:00
[2024-02-07T07:01:56.454+0000] {logging_mixin.py:188} INFO - [2024-02-07T07:01:56.454+0000] {dag.py:3823} INFO - Setting next_dagrun for example_branch_datetime_operator_3 to 2024-02-06 00:00:00+00:00, run_after=2024-02-07 00:00:00+00:00
[2024-02-07T07:01:56.496+0000] {processor.py:183} INFO - Processing /home/airflow/.local/lib/python3.8/site-packages/airflow/example_dags/example_branch_datetime_operator.py took 0.654 seconds
[2024-02-07T07:02:27.065+0000] {processor.py:161} INFO - Started process (PID=141) to work on /home/airflow/.local/lib/python3.8/site-packages/airflow/example_dags/example_branch_datetime_operator.py
[2024-02-07T07:02:27.068+0000] {processor.py:830} INFO - Processing file /home/airflow/.local/lib/python3.8/site-packages/airflow/example_dags/example_branch_datetime_operator.py for tasks to queue
[2024-02-07T07:02:27.071+0000] {logging_mixin.py:188} INFO - [2024-02-07T07:02:27.071+0000] {dagbag.py:538} INFO - Filling up the DagBag from /home/airflow/.local/lib/python3.8/site-packages/airflow/example_dags/example_branch_datetime_operator.py
[2024-02-07T07:02:27.115+0000] {processor.py:840} INFO - DAG(s) 'example_branch_datetime_operator_3', 'example_branch_datetime_operator_2', 'example_branch_datetime_operator' retrieved from /home/airflow/.local/lib/python3.8/site-packages/airflow/example_dags/example_branch_datetime_operator.py
[2024-02-07T07:02:27.307+0000] {logging_mixin.py:188} INFO - [2024-02-07T07:02:27.306+0000] {dag.py:3036} INFO - Sync 3 DAGs
[2024-02-07T07:02:27.445+0000] {logging_mixin.py:188} INFO - [2024-02-07T07:02:27.445+0000] {dag.py:3823} INFO - Setting next_dagrun for example_branch_datetime_operator to 2024-02-06 00:00:00+00:00, run_after=2024-02-07 00:00:00+00:00
[2024-02-07T07:02:27.469+0000] {logging_mixin.py:188} INFO - [2024-02-07T07:02:27.469+0000] {dag.py:3823} INFO - Setting next_dagrun for example_branch_datetime_operator_2 to 2024-02-06 00:00:00+00:00, run_after=2024-02-07 00:00:00+00:00
[2024-02-07T07:02:27.487+0000] {logging_mixin.py:188} INFO - [2024-02-07T07:02:27.484+0000] {dag.py:3823} INFO - Setting next_dagrun for example_branch_datetime_operator_3 to 2024-02-06 00:00:00+00:00, run_after=2024-02-07 00:00:00+00:00
[2024-02-07T07:02:27.608+0000] {processor.py:183} INFO - Processing /home/airflow/.local/lib/python3.8/site-packages/airflow/example_dags/example_branch_datetime_operator.py took 0.559 seconds
[2024-02-07T07:02:57.863+0000] {processor.py:161} INFO - Started process (PID=196) to work on /home/airflow/.local/lib/python3.8/site-packages/airflow/example_dags/example_branch_datetime_operator.py
[2024-02-07T07:02:57.865+0000] {processor.py:830} INFO - Processing file /home/airflow/.local/lib/python3.8/site-packages/airflow/example_dags/example_branch_datetime_operator.py for tasks to queue
[2024-02-07T07:02:57.869+0000] {logging_mixin.py:188} INFO - [2024-02-07T07:02:57.868+0000] {dagbag.py:538} INFO - Filling up the DagBag from /home/airflow/.local/lib/python3.8/site-packages/airflow/example_dags/example_branch_datetime_operator.py
[2024-02-07T07:02:57.895+0000] {processor.py:840} INFO - DAG(s) 'example_branch_datetime_operator_2', 'example_branch_datetime_operator_3', 'example_branch_datetime_operator' retrieved from /home/airflow/.local/lib/python3.8/site-packages/airflow/example_dags/example_branch_datetime_operator.py
[2024-02-07T07:02:57.948+0000] {logging_mixin.py:188} INFO - [2024-02-07T07:02:57.948+0000] {dag.py:3036} INFO - Sync 3 DAGs
[2024-02-07T07:02:57.994+0000] {logging_mixin.py:188} INFO - [2024-02-07T07:02:57.993+0000] {dag.py:3823} INFO - Setting next_dagrun for example_branch_datetime_operator to 2024-02-06 00:00:00+00:00, run_after=2024-02-07 00:00:00+00:00
[2024-02-07T07:02:58.006+0000] {logging_mixin.py:188} INFO - [2024-02-07T07:02:58.006+0000] {dag.py:3823} INFO - Setting next_dagrun for example_branch_datetime_operator_2 to 2024-02-06 00:00:00+00:00, run_after=2024-02-07 00:00:00+00:00
[2024-02-07T07:02:58.012+0000] {logging_mixin.py:188} INFO - [2024-02-07T07:02:58.012+0000] {dag.py:3823} INFO - Setting next_dagrun for example_branch_datetime_operator_3 to 2024-02-06 00:00:00+00:00, run_after=2024-02-07 00:00:00+00:00
[2024-02-07T07:02:58.053+0000] {processor.py:183} INFO - Processing /home/airflow/.local/lib/python3.8/site-packages/airflow/example_dags/example_branch_datetime_operator.py took 0.197 seconds
[2024-02-07T07:03:32.184+0000] {processor.py:161} INFO - Started process (PID=252) to work on /home/airflow/.local/lib/python3.8/site-packages/airflow/example_dags/example_branch_datetime_operator.py
[2024-02-07T07:03:32.188+0000] {processor.py:830} INFO - Processing file /home/airflow/.local/lib/python3.8/site-packages/airflow/example_dags/example_branch_datetime_operator.py for tasks to queue
[2024-02-07T07:03:32.193+0000] {logging_mixin.py:188} INFO - [2024-02-07T07:03:32.192+0000] {dagbag.py:538} INFO - Filling up the DagBag from /home/airflow/.local/lib/python3.8/site-packages/airflow/example_dags/example_branch_datetime_operator.py
[2024-02-07T07:03:32.255+0000] {processor.py:840} INFO - DAG(s) 'example_branch_datetime_operator_3', 'example_branch_datetime_operator_2', 'example_branch_datetime_operator' retrieved from /home/airflow/.local/lib/python3.8/site-packages/airflow/example_dags/example_branch_datetime_operator.py
[2024-02-07T07:03:32.416+0000] {logging_mixin.py:188} INFO - [2024-02-07T07:03:32.416+0000] {dag.py:3036} INFO - Sync 3 DAGs
[2024-02-07T07:03:32.600+0000] {logging_mixin.py:188} INFO - [2024-02-07T07:03:32.600+0000] {dag.py:3823} INFO - Setting next_dagrun for example_branch_datetime_operator to 2024-02-06 00:00:00+00:00, run_after=2024-02-07 00:00:00+00:00
[2024-02-07T07:03:32.625+0000] {logging_mixin.py:188} INFO - [2024-02-07T07:03:32.625+0000] {dag.py:3823} INFO - Setting next_dagrun for example_branch_datetime_operator_2 to 2024-02-06 00:00:00+00:00, run_after=2024-02-07 00:00:00+00:00
[2024-02-07T07:03:32.643+0000] {logging_mixin.py:188} INFO - [2024-02-07T07:03:32.643+0000] {dag.py:3823} INFO - Setting next_dagrun for example_branch_datetime_operator_3 to 2024-02-06 00:00:00+00:00, run_after=2024-02-07 00:00:00+00:00
[2024-02-07T07:03:32.757+0000] {processor.py:183} INFO - Processing /home/airflow/.local/lib/python3.8/site-packages/airflow/example_dags/example_branch_datetime_operator.py took 0.580 seconds
