[2024-02-07T07:01:47.310+0000] {processor.py:161} INFO - Started process (PID=53) to work on /home/airflow/.local/lib/python3.8/site-packages/airflow/example_dags/example_branch_labels.py
[2024-02-07T07:01:47.312+0000] {processor.py:830} INFO - Processing file /home/airflow/.local/lib/python3.8/site-packages/airflow/example_dags/example_branch_labels.py for tasks to queue
[2024-02-07T07:01:47.317+0000] {logging_mixin.py:188} INFO - [2024-02-07T07:01:47.316+0000] {dagbag.py:538} INFO - Filling up the DagBag from /home/airflow/.local/lib/python3.8/site-packages/airflow/example_dags/example_branch_labels.py
[2024-02-07T07:01:47.355+0000] {processor.py:840} INFO - DAG(s) 'example_branch_labels' retrieved from /home/airflow/.local/lib/python3.8/site-packages/airflow/example_dags/example_branch_labels.py
[2024-02-07T07:01:47.725+0000] {logging_mixin.py:188} INFO - [2024-02-07T07:01:47.723+0000] {override.py:1769} INFO - Created Permission View: can delete on DAG:example_branch_labels
[2024-02-07T07:01:47.767+0000] {logging_mixin.py:188} INFO - [2024-02-07T07:01:47.766+0000] {override.py:1769} INFO - Created Permission View: can read on DAG:example_branch_labels
[2024-02-07T07:01:47.803+0000] {logging_mixin.py:188} INFO - [2024-02-07T07:01:47.802+0000] {override.py:1769} INFO - Created Permission View: can edit on DAG:example_branch_labels
[2024-02-07T07:01:47.805+0000] {logging_mixin.py:188} INFO - [2024-02-07T07:01:47.804+0000] {dag.py:3036} INFO - Sync 1 DAGs
[2024-02-07T07:01:47.845+0000] {logging_mixin.py:188} INFO - [2024-02-07T07:01:47.844+0000] {dag.py:3058} INFO - Creating ORM DAG for example_branch_labels
[2024-02-07T07:01:47.882+0000] {logging_mixin.py:188} INFO - [2024-02-07T07:01:47.881+0000] {dag.py:3823} INFO - Setting next_dagrun for example_branch_labels to 2024-02-06 00:00:00+00:00, run_after=2024-02-07 00:00:00+00:00
[2024-02-07T07:01:47.935+0000] {processor.py:183} INFO - Processing /home/airflow/.local/lib/python3.8/site-packages/airflow/example_dags/example_branch_labels.py took 0.631 seconds
[2024-02-07T07:02:18.391+0000] {processor.py:161} INFO - Started process (PID=109) to work on /home/airflow/.local/lib/python3.8/site-packages/airflow/example_dags/example_branch_labels.py
[2024-02-07T07:02:18.395+0000] {processor.py:830} INFO - Processing file /home/airflow/.local/lib/python3.8/site-packages/airflow/example_dags/example_branch_labels.py for tasks to queue
[2024-02-07T07:02:18.399+0000] {logging_mixin.py:188} INFO - [2024-02-07T07:02:18.399+0000] {dagbag.py:538} INFO - Filling up the DagBag from /home/airflow/.local/lib/python3.8/site-packages/airflow/example_dags/example_branch_labels.py
[2024-02-07T07:02:18.422+0000] {processor.py:840} INFO - DAG(s) 'example_branch_labels' retrieved from /home/airflow/.local/lib/python3.8/site-packages/airflow/example_dags/example_branch_labels.py
[2024-02-07T07:02:18.489+0000] {logging_mixin.py:188} INFO - [2024-02-07T07:02:18.489+0000] {dag.py:3036} INFO - Sync 1 DAGs
[2024-02-07T07:02:18.560+0000] {logging_mixin.py:188} INFO - [2024-02-07T07:02:18.558+0000] {dag.py:3823} INFO - Setting next_dagrun for example_branch_labels to 2024-02-06 00:00:00+00:00, run_after=2024-02-07 00:00:00+00:00
[2024-02-07T07:02:18.613+0000] {processor.py:183} INFO - Processing /home/airflow/.local/lib/python3.8/site-packages/airflow/example_dags/example_branch_labels.py took 0.229 seconds
[2024-02-07T07:02:49.359+0000] {processor.py:161} INFO - Started process (PID=164) to work on /home/airflow/.local/lib/python3.8/site-packages/airflow/example_dags/example_branch_labels.py
[2024-02-07T07:02:49.363+0000] {processor.py:830} INFO - Processing file /home/airflow/.local/lib/python3.8/site-packages/airflow/example_dags/example_branch_labels.py for tasks to queue
[2024-02-07T07:02:49.370+0000] {logging_mixin.py:188} INFO - [2024-02-07T07:02:49.369+0000] {dagbag.py:538} INFO - Filling up the DagBag from /home/airflow/.local/lib/python3.8/site-packages/airflow/example_dags/example_branch_labels.py
[2024-02-07T07:02:49.391+0000] {processor.py:840} INFO - DAG(s) 'example_branch_labels' retrieved from /home/airflow/.local/lib/python3.8/site-packages/airflow/example_dags/example_branch_labels.py
[2024-02-07T07:02:49.447+0000] {logging_mixin.py:188} INFO - [2024-02-07T07:02:49.446+0000] {dag.py:3036} INFO - Sync 1 DAGs
[2024-02-07T07:02:49.517+0000] {logging_mixin.py:188} INFO - [2024-02-07T07:02:49.516+0000] {dag.py:3823} INFO - Setting next_dagrun for example_branch_labels to 2024-02-06 00:00:00+00:00, run_after=2024-02-07 00:00:00+00:00
[2024-02-07T07:02:49.701+0000] {processor.py:183} INFO - Processing /home/airflow/.local/lib/python3.8/site-packages/airflow/example_dags/example_branch_labels.py took 0.353 seconds
[2024-02-07T07:03:20.759+0000] {processor.py:161} INFO - Started process (PID=226) to work on /home/airflow/.local/lib/python3.8/site-packages/airflow/example_dags/example_branch_labels.py
[2024-02-07T07:03:20.770+0000] {processor.py:830} INFO - Processing file /home/airflow/.local/lib/python3.8/site-packages/airflow/example_dags/example_branch_labels.py for tasks to queue
[2024-02-07T07:03:20.775+0000] {logging_mixin.py:188} INFO - [2024-02-07T07:03:20.774+0000] {dagbag.py:538} INFO - Filling up the DagBag from /home/airflow/.local/lib/python3.8/site-packages/airflow/example_dags/example_branch_labels.py
[2024-02-07T07:03:20.836+0000] {processor.py:840} INFO - DAG(s) 'example_branch_labels' retrieved from /home/airflow/.local/lib/python3.8/site-packages/airflow/example_dags/example_branch_labels.py
[2024-02-07T07:03:20.945+0000] {logging_mixin.py:188} INFO - [2024-02-07T07:03:20.945+0000] {dag.py:3036} INFO - Sync 1 DAGs
[2024-02-07T07:03:21.090+0000] {logging_mixin.py:188} INFO - [2024-02-07T07:03:21.087+0000] {dag.py:3823} INFO - Setting next_dagrun for example_branch_labels to 2024-02-06 00:00:00+00:00, run_after=2024-02-07 00:00:00+00:00
[2024-02-07T07:03:21.178+0000] {processor.py:183} INFO - Processing /home/airflow/.local/lib/python3.8/site-packages/airflow/example_dags/example_branch_labels.py took 0.434 seconds
