[2024-02-07T07:01:55.638+0000] {processor.py:161} INFO - Started process (PID=85) to work on /home/airflow/.local/lib/python3.8/site-packages/airflow/example_dags/example_bash_operator.py
[2024-02-07T07:01:55.640+0000] {processor.py:830} INFO - Processing file /home/airflow/.local/lib/python3.8/site-packages/airflow/example_dags/example_bash_operator.py for tasks to queue
[2024-02-07T07:01:55.643+0000] {logging_mixin.py:188} INFO - [2024-02-07T07:01:55.642+0000] {dagbag.py:538} INFO - Filling up the DagBag from /home/airflow/.local/lib/python3.8/site-packages/airflow/example_dags/example_bash_operator.py
[2024-02-07T07:01:55.678+0000] {processor.py:840} INFO - DAG(s) 'example_bash_operator' retrieved from /home/airflow/.local/lib/python3.8/site-packages/airflow/example_dags/example_bash_operator.py
[2024-02-07T07:01:55.975+0000] {logging_mixin.py:188} INFO - [2024-02-07T07:01:55.974+0000] {override.py:1769} INFO - Created Permission View: can delete on DAG:example_bash_operator
[2024-02-07T07:01:56.005+0000] {logging_mixin.py:188} INFO - [2024-02-07T07:01:56.004+0000] {override.py:1769} INFO - Created Permission View: can read on DAG:example_bash_operator
[2024-02-07T07:01:56.024+0000] {logging_mixin.py:188} INFO - [2024-02-07T07:01:56.024+0000] {override.py:1769} INFO - Created Permission View: can edit on DAG:example_bash_operator
[2024-02-07T07:01:56.026+0000] {logging_mixin.py:188} INFO - [2024-02-07T07:01:56.025+0000] {dag.py:3036} INFO - Sync 1 DAGs
[2024-02-07T07:01:56.056+0000] {logging_mixin.py:188} INFO - [2024-02-07T07:01:56.056+0000] {dag.py:3058} INFO - Creating ORM DAG for example_bash_operator
[2024-02-07T07:01:56.091+0000] {logging_mixin.py:188} INFO - [2024-02-07T07:01:56.090+0000] {dag.py:3823} INFO - Setting next_dagrun for example_bash_operator to 2024-02-06 00:00:00+00:00, run_after=2024-02-07 00:00:00+00:00
[2024-02-07T07:01:56.159+0000] {processor.py:183} INFO - Processing /home/airflow/.local/lib/python3.8/site-packages/airflow/example_dags/example_bash_operator.py took 0.527 seconds
[2024-02-07T07:02:26.763+0000] {processor.py:161} INFO - Started process (PID=140) to work on /home/airflow/.local/lib/python3.8/site-packages/airflow/example_dags/example_bash_operator.py
[2024-02-07T07:02:26.767+0000] {processor.py:830} INFO - Processing file /home/airflow/.local/lib/python3.8/site-packages/airflow/example_dags/example_bash_operator.py for tasks to queue
[2024-02-07T07:02:26.772+0000] {logging_mixin.py:188} INFO - [2024-02-07T07:02:26.771+0000] {dagbag.py:538} INFO - Filling up the DagBag from /home/airflow/.local/lib/python3.8/site-packages/airflow/example_dags/example_bash_operator.py
[2024-02-07T07:02:26.803+0000] {processor.py:840} INFO - DAG(s) 'example_bash_operator' retrieved from /home/airflow/.local/lib/python3.8/site-packages/airflow/example_dags/example_bash_operator.py
[2024-02-07T07:02:26.870+0000] {logging_mixin.py:188} INFO - [2024-02-07T07:02:26.869+0000] {dag.py:3036} INFO - Sync 1 DAGs
[2024-02-07T07:02:26.921+0000] {logging_mixin.py:188} INFO - [2024-02-07T07:02:26.921+0000] {dag.py:3823} INFO - Setting next_dagrun for example_bash_operator to 2024-02-06 00:00:00+00:00, run_after=2024-02-07 00:00:00+00:00
[2024-02-07T07:02:26.973+0000] {processor.py:183} INFO - Processing /home/airflow/.local/lib/python3.8/site-packages/airflow/example_dags/example_bash_operator.py took 0.220 seconds
[2024-02-07T07:02:57.627+0000] {processor.py:161} INFO - Started process (PID=195) to work on /home/airflow/.local/lib/python3.8/site-packages/airflow/example_dags/example_bash_operator.py
[2024-02-07T07:02:57.629+0000] {processor.py:830} INFO - Processing file /home/airflow/.local/lib/python3.8/site-packages/airflow/example_dags/example_bash_operator.py for tasks to queue
[2024-02-07T07:02:57.632+0000] {logging_mixin.py:188} INFO - [2024-02-07T07:02:57.631+0000] {dagbag.py:538} INFO - Filling up the DagBag from /home/airflow/.local/lib/python3.8/site-packages/airflow/example_dags/example_bash_operator.py
[2024-02-07T07:02:57.653+0000] {processor.py:840} INFO - DAG(s) 'example_bash_operator' retrieved from /home/airflow/.local/lib/python3.8/site-packages/airflow/example_dags/example_bash_operator.py
[2024-02-07T07:02:57.705+0000] {logging_mixin.py:188} INFO - [2024-02-07T07:02:57.705+0000] {dag.py:3036} INFO - Sync 1 DAGs
[2024-02-07T07:02:57.757+0000] {logging_mixin.py:188} INFO - [2024-02-07T07:02:57.756+0000] {dag.py:3823} INFO - Setting next_dagrun for example_bash_operator to 2024-02-06 00:00:00+00:00, run_after=2024-02-07 00:00:00+00:00
[2024-02-07T07:02:57.804+0000] {processor.py:183} INFO - Processing /home/airflow/.local/lib/python3.8/site-packages/airflow/example_dags/example_bash_operator.py took 0.182 seconds
[2024-02-07T07:03:31.977+0000] {processor.py:161} INFO - Started process (PID=251) to work on /home/airflow/.local/lib/python3.8/site-packages/airflow/example_dags/example_bash_operator.py
[2024-02-07T07:03:31.983+0000] {processor.py:830} INFO - Processing file /home/airflow/.local/lib/python3.8/site-packages/airflow/example_dags/example_bash_operator.py for tasks to queue
[2024-02-07T07:03:31.992+0000] {logging_mixin.py:188} INFO - [2024-02-07T07:03:31.991+0000] {dagbag.py:538} INFO - Filling up the DagBag from /home/airflow/.local/lib/python3.8/site-packages/airflow/example_dags/example_bash_operator.py
[2024-02-07T07:03:32.071+0000] {processor.py:840} INFO - DAG(s) 'example_bash_operator' retrieved from /home/airflow/.local/lib/python3.8/site-packages/airflow/example_dags/example_bash_operator.py
[2024-02-07T07:03:32.271+0000] {logging_mixin.py:188} INFO - [2024-02-07T07:03:32.270+0000] {dag.py:3036} INFO - Sync 1 DAGs
[2024-02-07T07:03:32.406+0000] {logging_mixin.py:188} INFO - [2024-02-07T07:03:32.405+0000] {dag.py:3823} INFO - Setting next_dagrun for example_bash_operator to 2024-02-06 00:00:00+00:00, run_after=2024-02-07 00:00:00+00:00
[2024-02-07T07:03:32.529+0000] {processor.py:183} INFO - Processing /home/airflow/.local/lib/python3.8/site-packages/airflow/example_dags/example_bash_operator.py took 0.585 seconds
