[2024-02-07T07:01:58.190+0000] {processor.py:161} INFO - Started process (PID=94) to work on /home/airflow/.local/lib/python3.8/site-packages/airflow/example_dags/example_python_decorator.py
[2024-02-07T07:01:58.192+0000] {processor.py:830} INFO - Processing file /home/airflow/.local/lib/python3.8/site-packages/airflow/example_dags/example_python_decorator.py for tasks to queue
[2024-02-07T07:01:58.195+0000] {logging_mixin.py:188} INFO - [2024-02-07T07:01:58.195+0000] {dagbag.py:538} INFO - Filling up the DagBag from /home/airflow/.local/lib/python3.8/site-packages/airflow/example_dags/example_python_decorator.py
[2024-02-07T07:01:58.236+0000] {processor.py:840} INFO - DAG(s) 'example_python_decorator' retrieved from /home/airflow/.local/lib/python3.8/site-packages/airflow/example_dags/example_python_decorator.py
[2024-02-07T07:01:58.594+0000] {logging_mixin.py:188} INFO - [2024-02-07T07:01:58.592+0000] {override.py:1769} INFO - Created Permission View: can delete on DAG:example_python_decorator
[2024-02-07T07:01:58.624+0000] {logging_mixin.py:188} INFO - [2024-02-07T07:01:58.623+0000] {override.py:1769} INFO - Created Permission View: can read on DAG:example_python_decorator
[2024-02-07T07:01:58.648+0000] {logging_mixin.py:188} INFO - [2024-02-07T07:01:58.647+0000] {override.py:1769} INFO - Created Permission View: can edit on DAG:example_python_decorator
[2024-02-07T07:01:58.649+0000] {logging_mixin.py:188} INFO - [2024-02-07T07:01:58.649+0000] {dag.py:3036} INFO - Sync 1 DAGs
[2024-02-07T07:01:58.672+0000] {logging_mixin.py:188} INFO - [2024-02-07T07:01:58.672+0000] {dag.py:3058} INFO - Creating ORM DAG for example_python_decorator
[2024-02-07T07:01:58.674+0000] {logging_mixin.py:188} INFO - [2024-02-07T07:01:58.674+0000] {dag.py:3823} INFO - Setting next_dagrun for example_python_decorator to None, run_after=None
[2024-02-07T07:01:58.720+0000] {processor.py:183} INFO - Processing /home/airflow/.local/lib/python3.8/site-packages/airflow/example_dags/example_python_decorator.py took 0.537 seconds
[2024-02-07T07:02:29.016+0000] {processor.py:161} INFO - Started process (PID=149) to work on /home/airflow/.local/lib/python3.8/site-packages/airflow/example_dags/example_python_decorator.py
[2024-02-07T07:02:29.019+0000] {processor.py:830} INFO - Processing file /home/airflow/.local/lib/python3.8/site-packages/airflow/example_dags/example_python_decorator.py for tasks to queue
[2024-02-07T07:02:29.023+0000] {logging_mixin.py:188} INFO - [2024-02-07T07:02:29.022+0000] {dagbag.py:538} INFO - Filling up the DagBag from /home/airflow/.local/lib/python3.8/site-packages/airflow/example_dags/example_python_decorator.py
[2024-02-07T07:02:29.069+0000] {processor.py:840} INFO - DAG(s) 'example_python_decorator' retrieved from /home/airflow/.local/lib/python3.8/site-packages/airflow/example_dags/example_python_decorator.py
[2024-02-07T07:02:29.113+0000] {logging_mixin.py:188} INFO - [2024-02-07T07:02:29.113+0000] {dag.py:3036} INFO - Sync 1 DAGs
[2024-02-07T07:02:29.138+0000] {logging_mixin.py:188} INFO - [2024-02-07T07:02:29.137+0000] {dag.py:3823} INFO - Setting next_dagrun for example_python_decorator to None, run_after=None
[2024-02-07T07:02:29.181+0000] {processor.py:183} INFO - Processing /home/airflow/.local/lib/python3.8/site-packages/airflow/example_dags/example_python_decorator.py took 0.179 seconds
[2024-02-07T07:03:00.343+0000] {processor.py:161} INFO - Started process (PID=204) to work on /home/airflow/.local/lib/python3.8/site-packages/airflow/example_dags/example_python_decorator.py
[2024-02-07T07:03:00.346+0000] {processor.py:830} INFO - Processing file /home/airflow/.local/lib/python3.8/site-packages/airflow/example_dags/example_python_decorator.py for tasks to queue
[2024-02-07T07:03:00.359+0000] {logging_mixin.py:188} INFO - [2024-02-07T07:03:00.357+0000] {dagbag.py:538} INFO - Filling up the DagBag from /home/airflow/.local/lib/python3.8/site-packages/airflow/example_dags/example_python_decorator.py
[2024-02-07T07:03:00.425+0000] {processor.py:840} INFO - DAG(s) 'example_python_decorator' retrieved from /home/airflow/.local/lib/python3.8/site-packages/airflow/example_dags/example_python_decorator.py
[2024-02-07T07:03:00.513+0000] {logging_mixin.py:188} INFO - [2024-02-07T07:03:00.512+0000] {dag.py:3036} INFO - Sync 1 DAGs
[2024-02-07T07:03:00.574+0000] {logging_mixin.py:188} INFO - [2024-02-07T07:03:00.573+0000] {dag.py:3823} INFO - Setting next_dagrun for example_python_decorator to None, run_after=None
[2024-02-07T07:03:00.688+0000] {processor.py:183} INFO - Processing /home/airflow/.local/lib/python3.8/site-packages/airflow/example_dags/example_python_decorator.py took 0.357 seconds
[2024-02-07T07:03:33.856+0000] {processor.py:161} INFO - Started process (PID=260) to work on /home/airflow/.local/lib/python3.8/site-packages/airflow/example_dags/example_python_decorator.py
[2024-02-07T07:03:33.860+0000] {processor.py:830} INFO - Processing file /home/airflow/.local/lib/python3.8/site-packages/airflow/example_dags/example_python_decorator.py for tasks to queue
[2024-02-07T07:03:33.871+0000] {logging_mixin.py:188} INFO - [2024-02-07T07:03:33.870+0000] {dagbag.py:538} INFO - Filling up the DagBag from /home/airflow/.local/lib/python3.8/site-packages/airflow/example_dags/example_python_decorator.py
[2024-02-07T07:03:33.917+0000] {processor.py:840} INFO - DAG(s) 'example_python_decorator' retrieved from /home/airflow/.local/lib/python3.8/site-packages/airflow/example_dags/example_python_decorator.py
[2024-02-07T07:03:34.036+0000] {logging_mixin.py:188} INFO - [2024-02-07T07:03:34.035+0000] {dag.py:3036} INFO - Sync 1 DAGs
[2024-02-07T07:03:34.096+0000] {logging_mixin.py:188} INFO - [2024-02-07T07:03:34.091+0000] {dag.py:3823} INFO - Setting next_dagrun for example_python_decorator to None, run_after=None
[2024-02-07T07:03:34.180+0000] {processor.py:183} INFO - Processing /home/airflow/.local/lib/python3.8/site-packages/airflow/example_dags/example_python_decorator.py took 0.334 seconds
