[2024-02-07T07:01:57.872+0000] {processor.py:161} INFO - Started process (PID=93) to work on /home/airflow/.local/lib/python3.8/site-packages/airflow/example_dags/example_trigger_target_dag.py
[2024-02-07T07:01:57.874+0000] {processor.py:830} INFO - Processing file /home/airflow/.local/lib/python3.8/site-packages/airflow/example_dags/example_trigger_target_dag.py for tasks to queue
[2024-02-07T07:01:57.878+0000] {logging_mixin.py:188} INFO - [2024-02-07T07:01:57.877+0000] {dagbag.py:538} INFO - Filling up the DagBag from /home/airflow/.local/lib/python3.8/site-packages/airflow/example_dags/example_trigger_target_dag.py
[2024-02-07T07:01:57.899+0000] {processor.py:840} INFO - DAG(s) 'example_trigger_target_dag' retrieved from /home/airflow/.local/lib/python3.8/site-packages/airflow/example_dags/example_trigger_target_dag.py
[2024-02-07T07:01:58.168+0000] {logging_mixin.py:188} INFO - [2024-02-07T07:01:58.167+0000] {override.py:1769} INFO - Created Permission View: can delete on DAG:example_trigger_target_dag
[2024-02-07T07:01:58.198+0000] {logging_mixin.py:188} INFO - [2024-02-07T07:01:58.197+0000] {override.py:1769} INFO - Created Permission View: can read on DAG:example_trigger_target_dag
[2024-02-07T07:01:58.217+0000] {logging_mixin.py:188} INFO - [2024-02-07T07:01:58.217+0000] {override.py:1769} INFO - Created Permission View: can edit on DAG:example_trigger_target_dag
[2024-02-07T07:01:58.219+0000] {logging_mixin.py:188} INFO - [2024-02-07T07:01:58.218+0000] {dag.py:3036} INFO - Sync 1 DAGs
[2024-02-07T07:01:58.250+0000] {logging_mixin.py:188} INFO - [2024-02-07T07:01:58.250+0000] {dag.py:3058} INFO - Creating ORM DAG for example_trigger_target_dag
[2024-02-07T07:01:58.253+0000] {logging_mixin.py:188} INFO - [2024-02-07T07:01:58.252+0000] {dag.py:3823} INFO - Setting next_dagrun for example_trigger_target_dag to None, run_after=None
[2024-02-07T07:01:58.322+0000] {processor.py:183} INFO - Processing /home/airflow/.local/lib/python3.8/site-packages/airflow/example_dags/example_trigger_target_dag.py took 0.457 seconds
[2024-02-07T07:02:28.733+0000] {processor.py:161} INFO - Started process (PID=148) to work on /home/airflow/.local/lib/python3.8/site-packages/airflow/example_dags/example_trigger_target_dag.py
[2024-02-07T07:02:28.737+0000] {processor.py:830} INFO - Processing file /home/airflow/.local/lib/python3.8/site-packages/airflow/example_dags/example_trigger_target_dag.py for tasks to queue
[2024-02-07T07:02:28.742+0000] {logging_mixin.py:188} INFO - [2024-02-07T07:02:28.740+0000] {dagbag.py:538} INFO - Filling up the DagBag from /home/airflow/.local/lib/python3.8/site-packages/airflow/example_dags/example_trigger_target_dag.py
[2024-02-07T07:02:28.763+0000] {processor.py:840} INFO - DAG(s) 'example_trigger_target_dag' retrieved from /home/airflow/.local/lib/python3.8/site-packages/airflow/example_dags/example_trigger_target_dag.py
[2024-02-07T07:02:28.814+0000] {logging_mixin.py:188} INFO - [2024-02-07T07:02:28.813+0000] {dag.py:3036} INFO - Sync 1 DAGs
[2024-02-07T07:02:28.846+0000] {logging_mixin.py:188} INFO - [2024-02-07T07:02:28.846+0000] {dag.py:3823} INFO - Setting next_dagrun for example_trigger_target_dag to None, run_after=None
[2024-02-07T07:02:28.916+0000] {processor.py:183} INFO - Processing /home/airflow/.local/lib/python3.8/site-packages/airflow/example_dags/example_trigger_target_dag.py took 0.195 seconds
[2024-02-07T07:03:00.297+0000] {processor.py:161} INFO - Started process (PID=203) to work on /home/airflow/.local/lib/python3.8/site-packages/airflow/example_dags/example_trigger_target_dag.py
[2024-02-07T07:03:00.307+0000] {processor.py:830} INFO - Processing file /home/airflow/.local/lib/python3.8/site-packages/airflow/example_dags/example_trigger_target_dag.py for tasks to queue
[2024-02-07T07:03:00.313+0000] {logging_mixin.py:188} INFO - [2024-02-07T07:03:00.311+0000] {dagbag.py:538} INFO - Filling up the DagBag from /home/airflow/.local/lib/python3.8/site-packages/airflow/example_dags/example_trigger_target_dag.py
[2024-02-07T07:03:00.345+0000] {processor.py:840} INFO - DAG(s) 'example_trigger_target_dag' retrieved from /home/airflow/.local/lib/python3.8/site-packages/airflow/example_dags/example_trigger_target_dag.py
[2024-02-07T07:03:00.426+0000] {logging_mixin.py:188} INFO - [2024-02-07T07:03:00.425+0000] {dag.py:3036} INFO - Sync 1 DAGs
[2024-02-07T07:03:00.478+0000] {logging_mixin.py:188} INFO - [2024-02-07T07:03:00.477+0000] {dag.py:3823} INFO - Setting next_dagrun for example_trigger_target_dag to None, run_after=None
[2024-02-07T07:03:00.584+0000] {processor.py:183} INFO - Processing /home/airflow/.local/lib/python3.8/site-packages/airflow/example_dags/example_trigger_target_dag.py took 0.296 seconds
[2024-02-07T07:03:33.723+0000] {processor.py:161} INFO - Started process (PID=259) to work on /home/airflow/.local/lib/python3.8/site-packages/airflow/example_dags/example_trigger_target_dag.py
[2024-02-07T07:03:33.726+0000] {processor.py:830} INFO - Processing file /home/airflow/.local/lib/python3.8/site-packages/airflow/example_dags/example_trigger_target_dag.py for tasks to queue
[2024-02-07T07:03:33.733+0000] {logging_mixin.py:188} INFO - [2024-02-07T07:03:33.731+0000] {dagbag.py:538} INFO - Filling up the DagBag from /home/airflow/.local/lib/python3.8/site-packages/airflow/example_dags/example_trigger_target_dag.py
[2024-02-07T07:03:33.761+0000] {processor.py:840} INFO - DAG(s) 'example_trigger_target_dag' retrieved from /home/airflow/.local/lib/python3.8/site-packages/airflow/example_dags/example_trigger_target_dag.py
[2024-02-07T07:03:33.852+0000] {logging_mixin.py:188} INFO - [2024-02-07T07:03:33.851+0000] {dag.py:3036} INFO - Sync 1 DAGs
[2024-02-07T07:03:33.901+0000] {logging_mixin.py:188} INFO - [2024-02-07T07:03:33.900+0000] {dag.py:3823} INFO - Setting next_dagrun for example_trigger_target_dag to None, run_after=None
[2024-02-07T07:03:34.012+0000] {processor.py:183} INFO - Processing /home/airflow/.local/lib/python3.8/site-packages/airflow/example_dags/example_trigger_target_dag.py took 0.304 seconds
