[2024-02-07T07:01:46.393+0000] {processor.py:161} INFO - Started process (PID=51) to work on /home/airflow/.local/lib/python3.8/site-packages/airflow/example_dags/example_kubernetes_executor.py
[2024-02-07T07:01:46.395+0000] {processor.py:830} INFO - Processing file /home/airflow/.local/lib/python3.8/site-packages/airflow/example_dags/example_kubernetes_executor.py for tasks to queue
[2024-02-07T07:01:46.406+0000] {logging_mixin.py:188} INFO - [2024-02-07T07:01:46.405+0000] {dagbag.py:538} INFO - Filling up the DagBag from /home/airflow/.local/lib/python3.8/site-packages/airflow/example_dags/example_kubernetes_executor.py
[2024-02-07T07:01:46.503+0000] {processor.py:840} INFO - DAG(s) 'example_kubernetes_executor' retrieved from /home/airflow/.local/lib/python3.8/site-packages/airflow/example_dags/example_kubernetes_executor.py
[2024-02-07T07:01:47.011+0000] {logging_mixin.py:188} INFO - [2024-02-07T07:01:47.010+0000] {override.py:1769} INFO - Created Permission View: can delete on DAG:example_kubernetes_executor
[2024-02-07T07:01:47.056+0000] {logging_mixin.py:188} INFO - [2024-02-07T07:01:47.055+0000] {override.py:1769} INFO - Created Permission View: can read on DAG:example_kubernetes_executor
[2024-02-07T07:01:47.090+0000] {logging_mixin.py:188} INFO - [2024-02-07T07:01:47.089+0000] {override.py:1769} INFO - Created Permission View: can edit on DAG:example_kubernetes_executor
[2024-02-07T07:01:47.092+0000] {logging_mixin.py:188} INFO - [2024-02-07T07:01:47.092+0000] {dag.py:3036} INFO - Sync 1 DAGs
[2024-02-07T07:01:47.139+0000] {logging_mixin.py:188} INFO - [2024-02-07T07:01:47.138+0000] {dag.py:3058} INFO - Creating ORM DAG for example_kubernetes_executor
[2024-02-07T07:01:47.141+0000] {logging_mixin.py:188} INFO - [2024-02-07T07:01:47.141+0000] {dag.py:3823} INFO - Setting next_dagrun for example_kubernetes_executor to None, run_after=None
[2024-02-07T07:01:47.230+0000] {processor.py:183} INFO - Processing /home/airflow/.local/lib/python3.8/site-packages/airflow/example_dags/example_kubernetes_executor.py took 0.850 seconds
[2024-02-07T07:02:18.104+0000] {processor.py:161} INFO - Started process (PID=107) to work on /home/airflow/.local/lib/python3.8/site-packages/airflow/example_dags/example_kubernetes_executor.py
[2024-02-07T07:02:18.107+0000] {processor.py:830} INFO - Processing file /home/airflow/.local/lib/python3.8/site-packages/airflow/example_dags/example_kubernetes_executor.py for tasks to queue
[2024-02-07T07:02:18.117+0000] {logging_mixin.py:188} INFO - [2024-02-07T07:02:18.116+0000] {dagbag.py:538} INFO - Filling up the DagBag from /home/airflow/.local/lib/python3.8/site-packages/airflow/example_dags/example_kubernetes_executor.py
[2024-02-07T07:02:18.200+0000] {processor.py:840} INFO - DAG(s) 'example_kubernetes_executor' retrieved from /home/airflow/.local/lib/python3.8/site-packages/airflow/example_dags/example_kubernetes_executor.py
[2024-02-07T07:02:18.323+0000] {logging_mixin.py:188} INFO - [2024-02-07T07:02:18.322+0000] {dag.py:3036} INFO - Sync 1 DAGs
[2024-02-07T07:02:18.359+0000] {logging_mixin.py:188} INFO - [2024-02-07T07:02:18.358+0000] {dag.py:3823} INFO - Setting next_dagrun for example_kubernetes_executor to None, run_after=None
[2024-02-07T07:02:18.416+0000] {processor.py:183} INFO - Processing /home/airflow/.local/lib/python3.8/site-packages/airflow/example_dags/example_kubernetes_executor.py took 0.321 seconds
[2024-02-07T07:02:49.112+0000] {processor.py:161} INFO - Started process (PID=162) to work on /home/airflow/.local/lib/python3.8/site-packages/airflow/example_dags/example_kubernetes_executor.py
[2024-02-07T07:02:49.114+0000] {processor.py:830} INFO - Processing file /home/airflow/.local/lib/python3.8/site-packages/airflow/example_dags/example_kubernetes_executor.py for tasks to queue
[2024-02-07T07:02:49.122+0000] {logging_mixin.py:188} INFO - [2024-02-07T07:02:49.121+0000] {dagbag.py:538} INFO - Filling up the DagBag from /home/airflow/.local/lib/python3.8/site-packages/airflow/example_dags/example_kubernetes_executor.py
[2024-02-07T07:02:49.171+0000] {processor.py:840} INFO - DAG(s) 'example_kubernetes_executor' retrieved from /home/airflow/.local/lib/python3.8/site-packages/airflow/example_dags/example_kubernetes_executor.py
[2024-02-07T07:02:49.273+0000] {logging_mixin.py:188} INFO - [2024-02-07T07:02:49.273+0000] {dag.py:3036} INFO - Sync 1 DAGs
[2024-02-07T07:02:49.311+0000] {logging_mixin.py:188} INFO - [2024-02-07T07:02:49.310+0000] {dag.py:3823} INFO - Setting next_dagrun for example_kubernetes_executor to None, run_after=None
[2024-02-07T07:02:49.364+0000] {processor.py:183} INFO - Processing /home/airflow/.local/lib/python3.8/site-packages/airflow/example_dags/example_kubernetes_executor.py took 0.264 seconds
[2024-02-07T07:03:20.154+0000] {processor.py:161} INFO - Started process (PID=217) to work on /home/airflow/.local/lib/python3.8/site-packages/airflow/example_dags/example_kubernetes_executor.py
[2024-02-07T07:03:20.165+0000] {processor.py:830} INFO - Processing file /home/airflow/.local/lib/python3.8/site-packages/airflow/example_dags/example_kubernetes_executor.py for tasks to queue
[2024-02-07T07:03:20.179+0000] {logging_mixin.py:188} INFO - [2024-02-07T07:03:20.171+0000] {dagbag.py:538} INFO - Filling up the DagBag from /home/airflow/.local/lib/python3.8/site-packages/airflow/example_dags/example_kubernetes_executor.py
[2024-02-07T07:03:20.275+0000] {processor.py:840} INFO - DAG(s) 'example_kubernetes_executor' retrieved from /home/airflow/.local/lib/python3.8/site-packages/airflow/example_dags/example_kubernetes_executor.py
[2024-02-07T07:03:20.552+0000] {logging_mixin.py:188} INFO - [2024-02-07T07:03:20.546+0000] {dag.py:3036} INFO - Sync 1 DAGs
[2024-02-07T07:03:20.659+0000] {logging_mixin.py:188} INFO - [2024-02-07T07:03:20.658+0000] {dag.py:3823} INFO - Setting next_dagrun for example_kubernetes_executor to None, run_after=None
[2024-02-07T07:03:20.773+0000] {processor.py:183} INFO - Processing /home/airflow/.local/lib/python3.8/site-packages/airflow/example_dags/example_kubernetes_executor.py took 0.629 seconds
