[2024-02-07T07:01:45.161+0000] {processor.py:161} INFO - Started process (PID=49) to work on /home/airflow/.local/lib/python3.8/site-packages/airflow/example_dags/example_short_circuit_operator.py
[2024-02-07T07:01:45.176+0000] {processor.py:830} INFO - Processing file /home/airflow/.local/lib/python3.8/site-packages/airflow/example_dags/example_short_circuit_operator.py for tasks to queue
[2024-02-07T07:01:45.181+0000] {logging_mixin.py:188} INFO - [2024-02-07T07:01:45.180+0000] {dagbag.py:538} INFO - Filling up the DagBag from /home/airflow/.local/lib/python3.8/site-packages/airflow/example_dags/example_short_circuit_operator.py
[2024-02-07T07:01:45.254+0000] {processor.py:840} INFO - DAG(s) 'example_short_circuit_operator' retrieved from /home/airflow/.local/lib/python3.8/site-packages/airflow/example_dags/example_short_circuit_operator.py
[2024-02-07T07:01:45.891+0000] {logging_mixin.py:188} INFO - [2024-02-07T07:01:45.889+0000] {override.py:1769} INFO - Created Permission View: can delete on DAG:example_short_circuit_operator
[2024-02-07T07:01:45.962+0000] {logging_mixin.py:188} INFO - [2024-02-07T07:01:45.961+0000] {override.py:1769} INFO - Created Permission View: can read on DAG:example_short_circuit_operator
[2024-02-07T07:01:46.009+0000] {logging_mixin.py:188} INFO - [2024-02-07T07:01:46.007+0000] {override.py:1769} INFO - Created Permission View: can edit on DAG:example_short_circuit_operator
[2024-02-07T07:01:46.013+0000] {logging_mixin.py:188} INFO - [2024-02-07T07:01:46.012+0000] {dag.py:3036} INFO - Sync 1 DAGs
[2024-02-07T07:01:46.103+0000] {logging_mixin.py:188} INFO - [2024-02-07T07:01:46.102+0000] {dag.py:3058} INFO - Creating ORM DAG for example_short_circuit_operator
[2024-02-07T07:01:46.169+0000] {logging_mixin.py:188} INFO - [2024-02-07T07:01:46.168+0000] {dag.py:3823} INFO - Setting next_dagrun for example_short_circuit_operator to 2024-02-06 00:00:00+00:00, run_after=2024-02-07 00:00:00+00:00
[2024-02-07T07:01:46.280+0000] {processor.py:183} INFO - Processing /home/airflow/.local/lib/python3.8/site-packages/airflow/example_dags/example_short_circuit_operator.py took 1.134 seconds
[2024-02-07T07:02:16.748+0000] {processor.py:161} INFO - Started process (PID=105) to work on /home/airflow/.local/lib/python3.8/site-packages/airflow/example_dags/example_short_circuit_operator.py
[2024-02-07T07:02:16.751+0000] {processor.py:830} INFO - Processing file /home/airflow/.local/lib/python3.8/site-packages/airflow/example_dags/example_short_circuit_operator.py for tasks to queue
[2024-02-07T07:02:16.755+0000] {logging_mixin.py:188} INFO - [2024-02-07T07:02:16.754+0000] {dagbag.py:538} INFO - Filling up the DagBag from /home/airflow/.local/lib/python3.8/site-packages/airflow/example_dags/example_short_circuit_operator.py
[2024-02-07T07:02:16.779+0000] {processor.py:840} INFO - DAG(s) 'example_short_circuit_operator' retrieved from /home/airflow/.local/lib/python3.8/site-packages/airflow/example_dags/example_short_circuit_operator.py
[2024-02-07T07:02:16.847+0000] {logging_mixin.py:188} INFO - [2024-02-07T07:02:16.846+0000] {dag.py:3036} INFO - Sync 1 DAGs
[2024-02-07T07:02:16.922+0000] {logging_mixin.py:188} INFO - [2024-02-07T07:02:16.921+0000] {dag.py:3823} INFO - Setting next_dagrun for example_short_circuit_operator to 2024-02-06 00:00:00+00:00, run_after=2024-02-07 00:00:00+00:00
[2024-02-07T07:02:16.985+0000] {processor.py:183} INFO - Processing /home/airflow/.local/lib/python3.8/site-packages/airflow/example_dags/example_short_circuit_operator.py took 0.246 seconds
[2024-02-07T07:02:47.066+0000] {processor.py:161} INFO - Started process (PID=160) to work on /home/airflow/.local/lib/python3.8/site-packages/airflow/example_dags/example_short_circuit_operator.py
[2024-02-07T07:02:47.067+0000] {processor.py:830} INFO - Processing file /home/airflow/.local/lib/python3.8/site-packages/airflow/example_dags/example_short_circuit_operator.py for tasks to queue
[2024-02-07T07:02:47.071+0000] {logging_mixin.py:188} INFO - [2024-02-07T07:02:47.070+0000] {dagbag.py:538} INFO - Filling up the DagBag from /home/airflow/.local/lib/python3.8/site-packages/airflow/example_dags/example_short_circuit_operator.py
[2024-02-07T07:02:47.084+0000] {processor.py:840} INFO - DAG(s) 'example_short_circuit_operator' retrieved from /home/airflow/.local/lib/python3.8/site-packages/airflow/example_dags/example_short_circuit_operator.py
[2024-02-07T07:02:47.130+0000] {logging_mixin.py:188} INFO - [2024-02-07T07:02:47.130+0000] {dag.py:3036} INFO - Sync 1 DAGs
[2024-02-07T07:02:47.179+0000] {logging_mixin.py:188} INFO - [2024-02-07T07:02:47.179+0000] {dag.py:3823} INFO - Setting next_dagrun for example_short_circuit_operator to 2024-02-06 00:00:00+00:00, run_after=2024-02-07 00:00:00+00:00
[2024-02-07T07:02:47.225+0000] {processor.py:183} INFO - Processing /home/airflow/.local/lib/python3.8/site-packages/airflow/example_dags/example_short_circuit_operator.py took 0.164 seconds
[2024-02-07T07:03:18.068+0000] {processor.py:161} INFO - Started process (PID=215) to work on /home/airflow/.local/lib/python3.8/site-packages/airflow/example_dags/example_short_circuit_operator.py
[2024-02-07T07:03:18.071+0000] {processor.py:830} INFO - Processing file /home/airflow/.local/lib/python3.8/site-packages/airflow/example_dags/example_short_circuit_operator.py for tasks to queue
[2024-02-07T07:03:18.076+0000] {logging_mixin.py:188} INFO - [2024-02-07T07:03:18.076+0000] {dagbag.py:538} INFO - Filling up the DagBag from /home/airflow/.local/lib/python3.8/site-packages/airflow/example_dags/example_short_circuit_operator.py
[2024-02-07T07:03:18.094+0000] {processor.py:840} INFO - DAG(s) 'example_short_circuit_operator' retrieved from /home/airflow/.local/lib/python3.8/site-packages/airflow/example_dags/example_short_circuit_operator.py
[2024-02-07T07:03:18.148+0000] {logging_mixin.py:188} INFO - [2024-02-07T07:03:18.147+0000] {dag.py:3036} INFO - Sync 1 DAGs
[2024-02-07T07:03:18.217+0000] {logging_mixin.py:188} INFO - [2024-02-07T07:03:18.216+0000] {dag.py:3823} INFO - Setting next_dagrun for example_short_circuit_operator to 2024-02-06 00:00:00+00:00, run_after=2024-02-07 00:00:00+00:00
[2024-02-07T07:03:18.263+0000] {processor.py:183} INFO - Processing /home/airflow/.local/lib/python3.8/site-packages/airflow/example_dags/example_short_circuit_operator.py took 0.205 seconds
