[2024-02-07T07:01:52.656+0000] {processor.py:161} INFO - Started process (PID=74) to work on /home/airflow/.local/lib/python3.8/site-packages/airflow/example_dags/tutorial_dag.py
[2024-02-07T07:01:52.658+0000] {processor.py:830} INFO - Processing file /home/airflow/.local/lib/python3.8/site-packages/airflow/example_dags/tutorial_dag.py for tasks to queue
[2024-02-07T07:01:52.662+0000] {logging_mixin.py:188} INFO - [2024-02-07T07:01:52.662+0000] {dagbag.py:538} INFO - Filling up the DagBag from /home/airflow/.local/lib/python3.8/site-packages/airflow/example_dags/tutorial_dag.py
[2024-02-07T07:01:52.682+0000] {processor.py:840} INFO - DAG(s) 'tutorial_dag' retrieved from /home/airflow/.local/lib/python3.8/site-packages/airflow/example_dags/tutorial_dag.py
[2024-02-07T07:01:52.970+0000] {logging_mixin.py:188} INFO - [2024-02-07T07:01:52.969+0000] {override.py:1769} INFO - Created Permission View: can delete on DAG:tutorial_dag
[2024-02-07T07:01:52.995+0000] {logging_mixin.py:188} INFO - [2024-02-07T07:01:52.994+0000] {override.py:1769} INFO - Created Permission View: can read on DAG:tutorial_dag
[2024-02-07T07:01:53.016+0000] {logging_mixin.py:188} INFO - [2024-02-07T07:01:53.015+0000] {override.py:1769} INFO - Created Permission View: can edit on DAG:tutorial_dag
[2024-02-07T07:01:53.017+0000] {logging_mixin.py:188} INFO - [2024-02-07T07:01:53.017+0000] {dag.py:3036} INFO - Sync 1 DAGs
[2024-02-07T07:01:53.042+0000] {logging_mixin.py:188} INFO - [2024-02-07T07:01:53.041+0000] {dag.py:3058} INFO - Creating ORM DAG for tutorial_dag
[2024-02-07T07:01:53.044+0000] {logging_mixin.py:188} INFO - [2024-02-07T07:01:53.044+0000] {dag.py:3823} INFO - Setting next_dagrun for tutorial_dag to None, run_after=None
[2024-02-07T07:01:53.096+0000] {processor.py:183} INFO - Processing /home/airflow/.local/lib/python3.8/site-packages/airflow/example_dags/tutorial_dag.py took 0.449 seconds
[2024-02-07T07:02:23.338+0000] {processor.py:161} INFO - Started process (PID=129) to work on /home/airflow/.local/lib/python3.8/site-packages/airflow/example_dags/tutorial_dag.py
[2024-02-07T07:02:23.341+0000] {processor.py:830} INFO - Processing file /home/airflow/.local/lib/python3.8/site-packages/airflow/example_dags/tutorial_dag.py for tasks to queue
[2024-02-07T07:02:23.348+0000] {logging_mixin.py:188} INFO - [2024-02-07T07:02:23.347+0000] {dagbag.py:538} INFO - Filling up the DagBag from /home/airflow/.local/lib/python3.8/site-packages/airflow/example_dags/tutorial_dag.py
[2024-02-07T07:02:23.358+0000] {processor.py:840} INFO - DAG(s) 'tutorial_dag' retrieved from /home/airflow/.local/lib/python3.8/site-packages/airflow/example_dags/tutorial_dag.py
[2024-02-07T07:02:23.402+0000] {logging_mixin.py:188} INFO - [2024-02-07T07:02:23.401+0000] {dag.py:3036} INFO - Sync 1 DAGs
[2024-02-07T07:02:23.434+0000] {logging_mixin.py:188} INFO - [2024-02-07T07:02:23.434+0000] {dag.py:3823} INFO - Setting next_dagrun for tutorial_dag to None, run_after=None
[2024-02-07T07:02:23.486+0000] {processor.py:183} INFO - Processing /home/airflow/.local/lib/python3.8/site-packages/airflow/example_dags/tutorial_dag.py took 0.154 seconds
[2024-02-07T07:02:53.710+0000] {processor.py:161} INFO - Started process (PID=184) to work on /home/airflow/.local/lib/python3.8/site-packages/airflow/example_dags/tutorial_dag.py
[2024-02-07T07:02:53.713+0000] {processor.py:830} INFO - Processing file /home/airflow/.local/lib/python3.8/site-packages/airflow/example_dags/tutorial_dag.py for tasks to queue
[2024-02-07T07:02:53.717+0000] {logging_mixin.py:188} INFO - [2024-02-07T07:02:53.716+0000] {dagbag.py:538} INFO - Filling up the DagBag from /home/airflow/.local/lib/python3.8/site-packages/airflow/example_dags/tutorial_dag.py
[2024-02-07T07:02:53.730+0000] {processor.py:840} INFO - DAG(s) 'tutorial_dag' retrieved from /home/airflow/.local/lib/python3.8/site-packages/airflow/example_dags/tutorial_dag.py
[2024-02-07T07:02:53.773+0000] {logging_mixin.py:188} INFO - [2024-02-07T07:02:53.773+0000] {dag.py:3036} INFO - Sync 1 DAGs
[2024-02-07T07:02:53.800+0000] {logging_mixin.py:188} INFO - [2024-02-07T07:02:53.799+0000] {dag.py:3823} INFO - Setting next_dagrun for tutorial_dag to None, run_after=None
[2024-02-07T07:02:53.846+0000] {processor.py:183} INFO - Processing /home/airflow/.local/lib/python3.8/site-packages/airflow/example_dags/tutorial_dag.py took 0.144 seconds
[2024-02-07T07:03:28.228+0000] {processor.py:161} INFO - Started process (PID=240) to work on /home/airflow/.local/lib/python3.8/site-packages/airflow/example_dags/tutorial_dag.py
[2024-02-07T07:03:28.234+0000] {processor.py:830} INFO - Processing file /home/airflow/.local/lib/python3.8/site-packages/airflow/example_dags/tutorial_dag.py for tasks to queue
[2024-02-07T07:03:28.244+0000] {logging_mixin.py:188} INFO - [2024-02-07T07:03:28.243+0000] {dagbag.py:538} INFO - Filling up the DagBag from /home/airflow/.local/lib/python3.8/site-packages/airflow/example_dags/tutorial_dag.py
[2024-02-07T07:03:28.274+0000] {processor.py:840} INFO - DAG(s) 'tutorial_dag' retrieved from /home/airflow/.local/lib/python3.8/site-packages/airflow/example_dags/tutorial_dag.py
[2024-02-07T07:03:28.397+0000] {logging_mixin.py:188} INFO - [2024-02-07T07:03:28.396+0000] {dag.py:3036} INFO - Sync 1 DAGs
[2024-02-07T07:03:28.463+0000] {logging_mixin.py:188} INFO - [2024-02-07T07:03:28.461+0000] {dag.py:3823} INFO - Setting next_dagrun for tutorial_dag to None, run_after=None
[2024-02-07T07:03:28.553+0000] {processor.py:183} INFO - Processing /home/airflow/.local/lib/python3.8/site-packages/airflow/example_dags/tutorial_dag.py took 0.345 seconds
