[2024-02-07T07:01:52.427+0000] {processor.py:161} INFO - Started process (PID=73) to work on /home/airflow/.local/lib/python3.8/site-packages/airflow/example_dags/tutorial.py
[2024-02-07T07:01:52.429+0000] {processor.py:830} INFO - Processing file /home/airflow/.local/lib/python3.8/site-packages/airflow/example_dags/tutorial.py for tasks to queue
[2024-02-07T07:01:52.433+0000] {logging_mixin.py:188} INFO - [2024-02-07T07:01:52.433+0000] {dagbag.py:538} INFO - Filling up the DagBag from /home/airflow/.local/lib/python3.8/site-packages/airflow/example_dags/tutorial.py
[2024-02-07T07:01:52.451+0000] {processor.py:840} INFO - DAG(s) 'tutorial' retrieved from /home/airflow/.local/lib/python3.8/site-packages/airflow/example_dags/tutorial.py
[2024-02-07T07:01:52.711+0000] {logging_mixin.py:188} INFO - [2024-02-07T07:01:52.709+0000] {override.py:1769} INFO - Created Permission View: can delete on DAG:tutorial
[2024-02-07T07:01:52.745+0000] {logging_mixin.py:188} INFO - [2024-02-07T07:01:52.745+0000] {override.py:1769} INFO - Created Permission View: can read on DAG:tutorial
[2024-02-07T07:01:52.768+0000] {logging_mixin.py:188} INFO - [2024-02-07T07:01:52.767+0000] {override.py:1769} INFO - Created Permission View: can edit on DAG:tutorial
[2024-02-07T07:01:52.769+0000] {logging_mixin.py:188} INFO - [2024-02-07T07:01:52.769+0000] {dag.py:3036} INFO - Sync 1 DAGs
[2024-02-07T07:01:52.802+0000] {logging_mixin.py:188} INFO - [2024-02-07T07:01:52.802+0000] {dag.py:3058} INFO - Creating ORM DAG for tutorial
[2024-02-07T07:01:52.833+0000] {logging_mixin.py:188} INFO - [2024-02-07T07:01:52.832+0000] {dag.py:3823} INFO - Setting next_dagrun for tutorial to 2024-02-06 00:00:00+00:00, run_after=2024-02-07 00:00:00+00:00
[2024-02-07T07:01:52.878+0000] {processor.py:183} INFO - Processing /home/airflow/.local/lib/python3.8/site-packages/airflow/example_dags/tutorial.py took 0.457 seconds
[2024-02-07T07:02:23.045+0000] {processor.py:161} INFO - Started process (PID=128) to work on /home/airflow/.local/lib/python3.8/site-packages/airflow/example_dags/tutorial.py
[2024-02-07T07:02:23.048+0000] {processor.py:830} INFO - Processing file /home/airflow/.local/lib/python3.8/site-packages/airflow/example_dags/tutorial.py for tasks to queue
[2024-02-07T07:02:23.052+0000] {logging_mixin.py:188} INFO - [2024-02-07T07:02:23.051+0000] {dagbag.py:538} INFO - Filling up the DagBag from /home/airflow/.local/lib/python3.8/site-packages/airflow/example_dags/tutorial.py
[2024-02-07T07:02:23.067+0000] {processor.py:840} INFO - DAG(s) 'tutorial' retrieved from /home/airflow/.local/lib/python3.8/site-packages/airflow/example_dags/tutorial.py
[2024-02-07T07:02:23.164+0000] {logging_mixin.py:188} INFO - [2024-02-07T07:02:23.164+0000] {dag.py:3036} INFO - Sync 1 DAGs
[2024-02-07T07:02:23.232+0000] {logging_mixin.py:188} INFO - [2024-02-07T07:02:23.231+0000] {dag.py:3823} INFO - Setting next_dagrun for tutorial to 2024-02-06 00:00:00+00:00, run_after=2024-02-07 00:00:00+00:00
[2024-02-07T07:02:23.296+0000] {processor.py:183} INFO - Processing /home/airflow/.local/lib/python3.8/site-packages/airflow/example_dags/tutorial.py took 0.261 seconds
[2024-02-07T07:02:53.445+0000] {processor.py:161} INFO - Started process (PID=183) to work on /home/airflow/.local/lib/python3.8/site-packages/airflow/example_dags/tutorial.py
[2024-02-07T07:02:53.447+0000] {processor.py:830} INFO - Processing file /home/airflow/.local/lib/python3.8/site-packages/airflow/example_dags/tutorial.py for tasks to queue
[2024-02-07T07:02:53.451+0000] {logging_mixin.py:188} INFO - [2024-02-07T07:02:53.450+0000] {dagbag.py:538} INFO - Filling up the DagBag from /home/airflow/.local/lib/python3.8/site-packages/airflow/example_dags/tutorial.py
[2024-02-07T07:02:53.465+0000] {processor.py:840} INFO - DAG(s) 'tutorial' retrieved from /home/airflow/.local/lib/python3.8/site-packages/airflow/example_dags/tutorial.py
[2024-02-07T07:02:53.531+0000] {logging_mixin.py:188} INFO - [2024-02-07T07:02:53.530+0000] {dag.py:3036} INFO - Sync 1 DAGs
[2024-02-07T07:02:53.625+0000] {logging_mixin.py:188} INFO - [2024-02-07T07:02:53.624+0000] {dag.py:3823} INFO - Setting next_dagrun for tutorial to 2024-02-06 00:00:00+00:00, run_after=2024-02-07 00:00:00+00:00
[2024-02-07T07:02:53.696+0000] {processor.py:183} INFO - Processing /home/airflow/.local/lib/python3.8/site-packages/airflow/example_dags/tutorial.py took 0.258 seconds
[2024-02-07T07:03:27.788+0000] {processor.py:161} INFO - Started process (PID=239) to work on /home/airflow/.local/lib/python3.8/site-packages/airflow/example_dags/tutorial.py
[2024-02-07T07:03:27.809+0000] {processor.py:830} INFO - Processing file /home/airflow/.local/lib/python3.8/site-packages/airflow/example_dags/tutorial.py for tasks to queue
[2024-02-07T07:03:27.822+0000] {logging_mixin.py:188} INFO - [2024-02-07T07:03:27.821+0000] {dagbag.py:538} INFO - Filling up the DagBag from /home/airflow/.local/lib/python3.8/site-packages/airflow/example_dags/tutorial.py
[2024-02-07T07:03:27.855+0000] {processor.py:840} INFO - DAG(s) 'tutorial' retrieved from /home/airflow/.local/lib/python3.8/site-packages/airflow/example_dags/tutorial.py
[2024-02-07T07:03:28.009+0000] {logging_mixin.py:188} INFO - [2024-02-07T07:03:28.009+0000] {dag.py:3036} INFO - Sync 1 DAGs
[2024-02-07T07:03:28.191+0000] {logging_mixin.py:188} INFO - [2024-02-07T07:03:28.190+0000] {dag.py:3823} INFO - Setting next_dagrun for tutorial to 2024-02-06 00:00:00+00:00, run_after=2024-02-07 00:00:00+00:00
[2024-02-07T07:03:28.303+0000] {processor.py:183} INFO - Processing /home/airflow/.local/lib/python3.8/site-packages/airflow/example_dags/tutorial.py took 0.535 seconds
