[2024-02-07T07:01:46.507+0000] {processor.py:161} INFO - Started process (PID=52) to work on /home/airflow/.local/lib/python3.8/site-packages/airflow/example_dags/tutorial_taskflow_api_virtualenv.py
[2024-02-07T07:01:46.509+0000] {processor.py:830} INFO - Processing file /home/airflow/.local/lib/python3.8/site-packages/airflow/example_dags/tutorial_taskflow_api_virtualenv.py for tasks to queue
[2024-02-07T07:01:46.514+0000] {logging_mixin.py:188} INFO - [2024-02-07T07:01:46.513+0000] {dagbag.py:538} INFO - Filling up the DagBag from /home/airflow/.local/lib/python3.8/site-packages/airflow/example_dags/tutorial_taskflow_api_virtualenv.py
[2024-02-07T07:01:46.579+0000] {processor.py:840} INFO - DAG(s) 'tutorial_taskflow_api_virtualenv' retrieved from /home/airflow/.local/lib/python3.8/site-packages/airflow/example_dags/tutorial_taskflow_api_virtualenv.py
[2024-02-07T07:01:46.988+0000] {logging_mixin.py:188} INFO - [2024-02-07T07:01:46.987+0000] {override.py:1769} INFO - Created Permission View: can delete on DAG:tutorial_taskflow_api_virtualenv
[2024-02-07T07:01:47.027+0000] {logging_mixin.py:188} INFO - [2024-02-07T07:01:47.026+0000] {override.py:1769} INFO - Created Permission View: can read on DAG:tutorial_taskflow_api_virtualenv
[2024-02-07T07:01:47.063+0000] {logging_mixin.py:188} INFO - [2024-02-07T07:01:47.062+0000] {override.py:1769} INFO - Created Permission View: can edit on DAG:tutorial_taskflow_api_virtualenv
[2024-02-07T07:01:47.065+0000] {logging_mixin.py:188} INFO - [2024-02-07T07:01:47.064+0000] {dag.py:3036} INFO - Sync 1 DAGs
[2024-02-07T07:01:47.120+0000] {logging_mixin.py:188} INFO - [2024-02-07T07:01:47.114+0000] {dag.py:3058} INFO - Creating ORM DAG for tutorial_taskflow_api_virtualenv
[2024-02-07T07:01:47.123+0000] {logging_mixin.py:188} INFO - [2024-02-07T07:01:47.122+0000] {dag.py:3823} INFO - Setting next_dagrun for tutorial_taskflow_api_virtualenv to None, run_after=None
[2024-02-07T07:01:47.203+0000] {processor.py:183} INFO - Processing /home/airflow/.local/lib/python3.8/site-packages/airflow/example_dags/tutorial_taskflow_api_virtualenv.py took 0.713 seconds
[2024-02-07T07:02:18.101+0000] {processor.py:161} INFO - Started process (PID=108) to work on /home/airflow/.local/lib/python3.8/site-packages/airflow/example_dags/tutorial_taskflow_api_virtualenv.py
[2024-02-07T07:02:18.105+0000] {processor.py:830} INFO - Processing file /home/airflow/.local/lib/python3.8/site-packages/airflow/example_dags/tutorial_taskflow_api_virtualenv.py for tasks to queue
[2024-02-07T07:02:18.111+0000] {logging_mixin.py:188} INFO - [2024-02-07T07:02:18.110+0000] {dagbag.py:538} INFO - Filling up the DagBag from /home/airflow/.local/lib/python3.8/site-packages/airflow/example_dags/tutorial_taskflow_api_virtualenv.py
[2024-02-07T07:02:18.180+0000] {processor.py:840} INFO - DAG(s) 'tutorial_taskflow_api_virtualenv' retrieved from /home/airflow/.local/lib/python3.8/site-packages/airflow/example_dags/tutorial_taskflow_api_virtualenv.py
[2024-02-07T07:02:18.237+0000] {logging_mixin.py:188} INFO - [2024-02-07T07:02:18.236+0000] {dag.py:3036} INFO - Sync 1 DAGs
[2024-02-07T07:02:18.289+0000] {logging_mixin.py:188} INFO - [2024-02-07T07:02:18.288+0000] {dag.py:3823} INFO - Setting next_dagrun for tutorial_taskflow_api_virtualenv to None, run_after=None
[2024-02-07T07:02:18.338+0000] {processor.py:183} INFO - Processing /home/airflow/.local/lib/python3.8/site-packages/airflow/example_dags/tutorial_taskflow_api_virtualenv.py took 0.247 seconds
[2024-02-07T07:02:49.120+0000] {processor.py:161} INFO - Started process (PID=163) to work on /home/airflow/.local/lib/python3.8/site-packages/airflow/example_dags/tutorial_taskflow_api_virtualenv.py
[2024-02-07T07:02:49.123+0000] {processor.py:830} INFO - Processing file /home/airflow/.local/lib/python3.8/site-packages/airflow/example_dags/tutorial_taskflow_api_virtualenv.py for tasks to queue
[2024-02-07T07:02:49.128+0000] {logging_mixin.py:188} INFO - [2024-02-07T07:02:49.128+0000] {dagbag.py:538} INFO - Filling up the DagBag from /home/airflow/.local/lib/python3.8/site-packages/airflow/example_dags/tutorial_taskflow_api_virtualenv.py
[2024-02-07T07:02:49.155+0000] {processor.py:840} INFO - DAG(s) 'tutorial_taskflow_api_virtualenv' retrieved from /home/airflow/.local/lib/python3.8/site-packages/airflow/example_dags/tutorial_taskflow_api_virtualenv.py
[2024-02-07T07:02:49.212+0000] {logging_mixin.py:188} INFO - [2024-02-07T07:02:49.212+0000] {dag.py:3036} INFO - Sync 1 DAGs
[2024-02-07T07:02:49.241+0000] {logging_mixin.py:188} INFO - [2024-02-07T07:02:49.240+0000] {dag.py:3823} INFO - Setting next_dagrun for tutorial_taskflow_api_virtualenv to None, run_after=None
[2024-02-07T07:02:49.304+0000] {processor.py:183} INFO - Processing /home/airflow/.local/lib/python3.8/site-packages/airflow/example_dags/tutorial_taskflow_api_virtualenv.py took 0.195 seconds
[2024-02-07T07:03:20.147+0000] {processor.py:161} INFO - Started process (PID=218) to work on /home/airflow/.local/lib/python3.8/site-packages/airflow/example_dags/tutorial_taskflow_api_virtualenv.py
[2024-02-07T07:03:20.159+0000] {processor.py:830} INFO - Processing file /home/airflow/.local/lib/python3.8/site-packages/airflow/example_dags/tutorial_taskflow_api_virtualenv.py for tasks to queue
[2024-02-07T07:03:20.173+0000] {logging_mixin.py:188} INFO - [2024-02-07T07:03:20.171+0000] {dagbag.py:538} INFO - Filling up the DagBag from /home/airflow/.local/lib/python3.8/site-packages/airflow/example_dags/tutorial_taskflow_api_virtualenv.py
[2024-02-07T07:03:20.226+0000] {processor.py:840} INFO - DAG(s) 'tutorial_taskflow_api_virtualenv' retrieved from /home/airflow/.local/lib/python3.8/site-packages/airflow/example_dags/tutorial_taskflow_api_virtualenv.py
[2024-02-07T07:03:20.398+0000] {logging_mixin.py:188} INFO - [2024-02-07T07:03:20.398+0000] {dag.py:3036} INFO - Sync 1 DAGs
[2024-02-07T07:03:20.503+0000] {logging_mixin.py:188} INFO - [2024-02-07T07:03:20.502+0000] {dag.py:3823} INFO - Setting next_dagrun for tutorial_taskflow_api_virtualenv to None, run_after=None
[2024-02-07T07:03:20.625+0000] {processor.py:183} INFO - Processing /home/airflow/.local/lib/python3.8/site-packages/airflow/example_dags/tutorial_taskflow_api_virtualenv.py took 0.487 seconds
